Apr 15, 2014 7:21:45 AM bot2048.Bot2048 LOG
SEVERE: unknown tile color: 2048
Apr 15, 2014 7:21:45 AM bot2048.Bot2048 LOG
INFO: >37
Apr 15, 2014 7:21:45 AM bot2048.Bot2048 LOG
INFO: >40
Apr 15, 2014 7:21:45 AM bot2048.Bot2048 LOG
INFO: >39
Apr 15, 2014 7:21:45 AM bot2048.Bot2048 LOG
INFO: >38
Apr 15, 2014 7:23:14 AM bot2048.Bot2048 LOG
INFO: Game Over. Points: 5808, moves: 420
Apr 15, 2014 7:24:27 AM bot2048.Bot2048 LOG
INFO: Game Over. Points: 4340, moves: 360
Apr 15, 2014 7:25:38 AM bot2048.Bot2048 LOG
INFO: Game Over. Points: 4204, moves: 341
Apr 15, 2014 7:27:00 AM bot2048.Bot2048 LOG
INFO: Game Over. Points: 5716, moves: 400
Apr 15, 2014 7:27:39 AM bot2048.Bot2048 LOG
INFO: Game Over. Points: 1648, moves: 173
Apr 15, 2014 7:28:26 AM bot2048.Bot2048 LOG
INFO: Game Over. Points: 2040, moves: 201
Apr 15, 2014 7:29:04 AM bot2048.Bot2048 LOG
INFO: Game Over. Points: 1668, moves: 168
Apr 15, 2014 7:29:32 AM bot2048.Bot2048 LOG
INFO: Game Over. Points: 964, moves: 117
Apr 15, 2014 7:30:29 AM bot2048.Bot2048 LOG
INFO: Game Over. Points: 3164, moves: 266
Apr 15, 2014 7:31:34 AM bot2048.Bot2048 LOG
INFO: Game Over. Points: 3676, moves: 305
Apr 15, 2014 7:31:34 AM bot2048.Bot2048 LOG
INFO: >37
Apr 15, 2014 7:31:34 AM bot2048.Bot2048 LOG
INFO: >40
Apr 15, 2014 7:31:34 AM bot2048.Bot2048 LOG
INFO: >38
Apr 15, 2014 7:31:34 AM bot2048.Bot2048 LOG
INFO: >39
Apr 15, 2014 7:32:21 AM bot2048.Bot2048 LOG
INFO: Game Over. Points: 2348, moves: 207
Apr 15, 2014 7:33:08 AM bot2048.Bot2048 LOG
INFO: Game Over. Points: 2100, moves: 206
Apr 15, 2014 7:34:13 AM bot2048.Bot2048 LOG
INFO: Game Over. Points: 3700, moves: 297
Apr 15, 2014 7:34:53 AM bot2048.Bot2048 LOG
INFO: Game Over. Points: 1624, moves: 170
Apr 15, 2014 7:36:28 AM bot2048.Bot2048 LOG
INFO: Game Over. Points: 6036, moves: 427
Apr 15, 2014 7:37:29 AM bot2048.Bot2048 LOG
INFO: Game Over. Points: 3248, moves: 274
Apr 15, 2014 7:38:14 AM bot2048.Bot2048 LOG
INFO: Game Over. Points: 2072, moves: 207
Apr 15, 2014 7:38:33 AM bot2048.Bot2048 LOG
SEVERE: ERROR: [3,3]Color not found: #bbada0
Apr 15, 2014 7:38:33 AM bot2048.Bot2048 LOG
SEVERE: ERROR: [3,3]Color not found: #bbada0
Apr 15, 2014 7:38:33 AM bot2048.Bot2048 LOG
SEVERE: ERROR: [3,3]Color not found: #bbada0
Apr 15, 2014 7:38:33 AM bot2048.Bot2048 LOG
SEVERE: ERROR: [3,3]Color not found: #bbada0
Apr 15, 2014 7:38:33 AM bot2048.Bot2048 LOG
SEVERE: ERROR: [3,3]Color not found: #bbada0
Apr 15, 2014 7:38:33 AM bot2048.Bot2048 LOG
SEVERE: ERROR: [3,3]Color not found: #bbada0
Apr 15, 2014 7:38:33 AM bot2048.Bot2048 LOG
SEVERE: ERROR: [3,3]Color not found: #bbada0
Apr 15, 2014 7:38:33 AM bot2048.Bot2048 LOG
SEVERE: ERROR: [3,3]Color not found: #bbada0
Apr 15, 2014 7:38:34 AM bot2048.Bot2048 LOG
SEVERE: ERROR: [3,3]Color not found: #bbada0
Apr 15, 2014 7:38:34 AM bot2048.Bot2048 LOG
SEVERE: ERROR: [3,3]Color not found: #bbada0
Apr 15, 2014 7:38:34 AM bot2048.Bot2048 LOG
SEVERE: ERROR: [3,3]Color not found: #bbada0
Apr 15, 2014 7:38:34 AM bot2048.Bot2048 LOG
SEVERE: ERROR: [3,3]Color not found: #bbada0
Apr 15, 2014 7:38:34 AM bot2048.Bot2048 LOG
SEVERE: ERROR: [3,3]Color not found: #bbada0
Apr 15, 2014 7:38:34 AM bot2048.Bot2048 LOG
SEVERE: ERROR: [3,3]Color not found: #bbada0
Apr 15, 2014 7:38:35 AM bot2048.Bot2048 LOG
SEVERE: ERROR: [3,3]Color not found: #bbada0
Apr 15, 2014 7:38:35 AM bot2048.Bot2048 LOG
SEVERE: ERROR: [3,3]Color not found: #bbada0
Apr 15, 2014 7:38:35 AM bot2048.Bot2048 LOG
SEVERE: ERROR: [3,3]Color not found: #bbada0
Apr 15, 2014 7:38:35 AM bot2048.Bot2048 LOG
SEVERE: ERROR: [3,3]Color not found: #bbada0
Apr 15, 2014 7:38:35 AM bot2048.Bot2048 LOG
SEVERE: ERROR: [3,3]Color not found: #bbada0
Apr 15, 2014 7:38:35 AM bot2048.Bot2048 LOG
SEVERE: ERROR: [3,3]Color not found: #bbada0
Apr 15, 2014 7:38:36 AM bot2048.Bot2048 LOG
SEVERE: ERROR: [3,3]Color not found: #bbada0
Apr 15, 2014 7:38:36 AM bot2048.Bot2048 LOG
SEVERE: ERROR: [3,3]Color not found: #bbada0
Apr 15, 2014 7:38:36 AM bot2048.Bot2048 LOG
SEVERE: ERROR: [3,3]Color not found: #bbada0
Apr 15, 2014 7:38:36 AM bot2048.Bot2048 LOG
SEVERE: ERROR: [3,3]Color not found: #bbada0
Apr 15, 2014 7:38:36 AM bot2048.Bot2048 LOG
SEVERE: ERROR: [3,3]Color not found: #bbada0
Apr 15, 2014 7:38:36 AM bot2048.Bot2048 LOG
SEVERE: ERROR: [3,3]Color not found: #bbada0
Apr 15, 2014 7:38:37 AM bot2048.Bot2048 LOG
SEVERE: ERROR: [3,3]Color not found: #bbada0
Apr 15, 2014 7:38:37 AM bot2048.Bot2048 LOG
SEVERE: ERROR: [3,3]Color not found: #bbada0
Apr 15, 2014 7:38:37 AM bot2048.Bot2048 LOG
SEVERE: ERROR: [3,3]Color not found: #bbada0
Apr 15, 2014 7:38:37 AM bot2048.Bot2048 LOG
SEVERE: ERROR: [3,3]Color not found: #bbada0
Apr 15, 2014 7:38:37 AM bot2048.Bot2048 LOG
SEVERE: ERROR: [3,3]Color not found: #bbada0
Apr 15, 2014 7:38:37 AM bot2048.Bot2048 LOG
SEVERE: ERROR: [3,3]Color not found: #bbada0
Apr 15, 2014 7:38:37 AM bot2048.Bot2048 LOG
SEVERE: ERROR: [3,3]Color not found: #bbada0
Apr 15, 2014 7:38:38 AM bot2048.Bot2048 LOG
SEVERE: ERROR: [3,3]Color not found: #bbada0
Apr 15, 2014 7:38:38 AM bot2048.Bot2048 LOG
SEVERE: ERROR: [3,3]Color not found: #bbada0
Apr 15, 2014 7:38:38 AM bot2048.Bot2048 LOG
SEVERE: ERROR: [3,3]Color not found: #bbada0
Apr 15, 2014 7:38:38 AM bot2048.Bot2048 LOG
SEVERE: ERROR: [3,3]Color not found: #bbada0
Apr 15, 2014 7:38:38 AM bot2048.Bot2048 LOG
SEVERE: ERROR: [3,3]Color not found: #bbada0
Apr 15, 2014 7:38:38 AM bot2048.Bot2048 LOG
SEVERE: ERROR: [3,3]Color not found: #bbada0
Apr 15, 2014 7:38:38 AM bot2048.Bot2048 LOG
SEVERE: ERROR: [3,3]Color not found: #bbada0
Apr 15, 2014 7:38:39 AM bot2048.Bot2048 LOG
SEVERE: ERROR: [3,3]Color not found: #bbada0
Apr 15, 2014 7:38:39 AM bot2048.Bot2048 LOG
SEVERE: ERROR: [3,3]Color not found: #bbada0
Apr 15, 2014 7:38:39 AM bot2048.Bot2048 LOG
SEVERE: ERROR: [3,3]Color not found: #bbada0
Apr 15, 2014 7:39:09 AM bot2048.Bot2048 LOG
INFO: Game Over. Points: 2696, moves: 229
Apr 15, 2014 7:40:22 AM bot2048.Bot2048 LOG
INFO: Game Over. Points: 4156, moves: 340
Apr 15, 2014 7:40:57 AM bot2048.Bot2048 LOG
INFO: Game Over. Points: 1492, moves: 156
Apr 15, 2014 7:40:57 AM bot2048.Bot2048 LOG
INFO: >37
Apr 15, 2014 7:40:57 AM bot2048.Bot2048 LOG
INFO: >39
Apr 15, 2014 7:40:57 AM bot2048.Bot2048 LOG
INFO: >40
Apr 15, 2014 7:40:57 AM bot2048.Bot2048 LOG
INFO: >38
Apr 15, 2014 7:41:48 AM bot2048.Bot2048 LOG
INFO: Game Over. Points: 740, moves: 162
Apr 15, 2014 7:42:26 AM bot2048.Bot2048 LOG
INFO: Game Over. Points: 592, moves: 132
Apr 15, 2014 7:42:51 AM bot2048.Bot2048 LOG
INFO: Game Over. Points: 456, moves: 90
Apr 15, 2014 7:43:23 AM bot2048.Bot2048 LOG
INFO: Game Over. Points: 320, moves: 93
Apr 15, 2014 7:44:02 AM bot2048.Bot2048 LOG
INFO: Game Over. Points: 608, moves: 125
Apr 15, 2014 7:44:42 AM bot2048.Bot2048 LOG
INFO: Game Over. Points: 584, moves: 126
Apr 15, 2014 7:45:01 AM bot2048.Bot2048 LOG
INFO: Game Over. Points: 240, moves: 62
Apr 15, 2014 7:45:24 AM bot2048.Bot2048 LOG
INFO: Game Over. Points: 324, moves: 71
Apr 15, 2014 7:45:52 AM bot2048.Bot2048 LOG
INFO: Game Over. Points: 428, moves: 96
Apr 15, 2014 7:46:27 AM bot2048.Bot2048 LOG
INFO: Game Over. Points: 460, moves: 117
Apr 15, 2014 7:46:27 AM bot2048.Bot2048 LOG
INFO: >37
Apr 15, 2014 7:46:27 AM bot2048.Bot2048 LOG
INFO: >39
Apr 15, 2014 7:46:27 AM bot2048.Bot2048 LOG
INFO: >38
Apr 15, 2014 7:46:27 AM bot2048.Bot2048 LOG
INFO: >40
Apr 15, 2014 7:46:40 AM bot2048.Bot2048 LOG
INFO: Game Over. Points: 84, moves: 36
Apr 15, 2014 7:47:03 AM bot2048.Bot2048 LOG
INFO: Game Over. Points: 356, moves: 77
Apr 15, 2014 7:47:45 AM bot2048.Bot2048 LOG
INFO: Game Over. Points: 744, moves: 150
Apr 15, 2014 7:48:33 AM bot2048.Bot2048 LOG
INFO: Game Over. Points: 676, moves: 152
Apr 15, 2014 7:49:18 AM bot2048.Bot2048 LOG
INFO: Game Over. Points: 700, moves: 158
Apr 15, 2014 7:49:59 AM bot2048.Bot2048 LOG
INFO: Game Over. Points: 444, moves: 128
Apr 15, 2014 7:50:28 AM bot2048.Bot2048 LOG
INFO: Game Over. Points: 324, moves: 93
Apr 15, 2014 7:51:00 AM bot2048.Bot2048 LOG
INFO: Game Over. Points: 376, moves: 101
Apr 15, 2014 7:51:19 AM bot2048.Bot2048 LOG
INFO: Game Over. Points: 196, moves: 59
Apr 15, 2014 7:52:08 AM bot2048.Bot2048 LOG
INFO: Game Over. Points: 836, moves: 166
Apr 15, 2014 7:52:08 AM bot2048.Bot2048 LOG
INFO: >37
Apr 15, 2014 7:52:08 AM bot2048.Bot2048 LOG
INFO: >38
Apr 15, 2014 7:52:08 AM bot2048.Bot2048 LOG
INFO: >39
Apr 15, 2014 7:52:08 AM bot2048.Bot2048 LOG
INFO: >40
Apr 15, 2014 7:53:00 AM bot2048.Bot2048 LOG
INFO: Game Over. Points: 2648, moves: 233
Apr 15, 2014 7:53:59 AM bot2048.Bot2048 LOG
INFO: Game Over. Points: 3268, moves: 283
Apr 15, 2014 7:54:38 AM bot2048.Bot2048 LOG
INFO: Game Over. Points: 1724, moves: 178
Apr 15, 2014 7:55:27 AM bot2048.Bot2048 LOG
INFO: Game Over. Points: 2492, moves: 215
Apr 15, 2014 7:55:59 AM bot2048.Bot2048 LOG
INFO: Game Over. Points: 1144, moves: 137
Apr 15, 2014 7:56:50 AM bot2048.Bot2048 LOG
INFO: Game Over. Points: 2836, moves: 236
Apr 15, 2014 7:57:42 AM bot2048.Bot2048 LOG
INFO: Game Over. Points: 2544, moves: 242
Apr 15, 2014 7:58:33 AM bot2048.Bot2048 LOG
INFO: Game Over. Points: 2816, moves: 247
Apr 15, 2014 7:59:20 AM bot2048.Bot2048 LOG
INFO: Game Over. Points: 2224, moves: 206
Apr 15, 2014 8:00:20 AM bot2048.Bot2048 LOG
INFO: Game Over. Points: 3472, moves: 287
Apr 15, 2014 8:00:20 AM bot2048.Bot2048 LOG
INFO: >37
Apr 15, 2014 8:00:20 AM bot2048.Bot2048 LOG
INFO: >38
Apr 15, 2014 8:00:20 AM bot2048.Bot2048 LOG
INFO: >40
Apr 15, 2014 8:00:20 AM bot2048.Bot2048 LOG
INFO: >39
Apr 15, 2014 8:01:19 AM bot2048.Bot2048 LOG
INFO: Game Over. Points: 3072, moves: 266
Apr 15, 2014 8:02:22 AM bot2048.Bot2048 LOG
INFO: Game Over. Points: 4184, moves: 341
Apr 15, 2014 8:03:09 AM bot2048.Bot2048 LOG
INFO: Game Over. Points: 2720, moves: 238
Apr 15, 2014 8:04:21 AM bot2048.Bot2048 LOG
INFO: Game Over. Points: 4072, moves: 330
Apr 15, 2014 8:05:22 AM bot2048.Bot2048 LOG
INFO: Game Over. Points: 3192, moves: 264
Apr 15, 2014 8:06:46 AM bot2048.Bot2048 LOG
INFO: Game Over. Points: 5504, moves: 380
Apr 15, 2014 8:07:40 AM bot2048.Bot2048 LOG
INFO: Game Over. Points: 2800, moves: 243
Apr 15, 2014 8:08:43 AM bot2048.Bot2048 LOG
INFO: Game Over. Points: 3484, moves: 286
Apr 15, 2014 8:09:28 AM bot2048.Bot2048 LOG
INFO: Game Over. Points: 1796, moves: 185
Apr 15, 2014 8:10:35 AM bot2048.Bot2048 LOG
INFO: Game Over. Points: 3480, moves: 284
Apr 15, 2014 8:10:35 AM bot2048.Bot2048 LOG
INFO: >39
Apr 15, 2014 8:10:35 AM bot2048.Bot2048 LOG
INFO: >37
Apr 15, 2014 8:10:35 AM bot2048.Bot2048 LOG
INFO: >40
Apr 15, 2014 8:10:35 AM bot2048.Bot2048 LOG
INFO: >38
Apr 15, 2014 8:10:59 AM bot2048.Bot2048 LOG
INFO: Game Over. Points: 404, moves: 74
Apr 15, 2014 8:11:37 AM bot2048.Bot2048 LOG
INFO: Game Over. Points: 532, moves: 117
Apr 15, 2014 8:12:08 AM bot2048.Bot2048 LOG
INFO: Game Over. Points: 600, moves: 108
Apr 15, 2014 8:12:43 AM bot2048.Bot2048 LOG
INFO: Game Over. Points: 560, moves: 113
Apr 15, 2014 8:13:18 AM bot2048.Bot2048 LOG
INFO: Game Over. Points: 648, moves: 118
Apr 15, 2014 8:13:46 AM bot2048.Bot2048 LOG
INFO: Game Over. Points: 364, moves: 93
Apr 15, 2014 8:14:13 AM bot2048.Bot2048 LOG
INFO: Game Over. Points: 272, moves: 81
Apr 15, 2014 8:14:53 AM bot2048.Bot2048 LOG
INFO: Game Over. Points: 636, moves: 134
Apr 15, 2014 8:15:14 AM bot2048.Bot2048 LOG
INFO: Game Over. Points: 268, moves: 62
Apr 15, 2014 8:15:26 AM bot2048.Bot2048 LOG
INFO: Game Over. Points: 144, moves: 36
Apr 15, 2014 8:15:26 AM bot2048.Bot2048 LOG
INFO: >39
Apr 15, 2014 8:15:26 AM bot2048.Bot2048 LOG
INFO: >37
Apr 15, 2014 8:15:26 AM bot2048.Bot2048 LOG
INFO: >38
Apr 15, 2014 8:15:26 AM bot2048.Bot2048 LOG
INFO: >40
Apr 15, 2014 8:15:55 AM bot2048.Bot2048 LOG
INFO: Game Over. Points: 320, moves: 94
Apr 15, 2014 8:16:17 AM bot2048.Bot2048 LOG
INFO: Game Over. Points: 272, moves: 69
Apr 15, 2014 8:17:16 AM bot2048.Bot2048 LOG
INFO: Game Over. Points: 888, moves: 201
Apr 15, 2014 8:17:40 AM bot2048.Bot2048 LOG
INFO: Game Over. Points: 184, moves: 66
Apr 15, 2014 8:18:24 AM bot2048.Bot2048 LOG
INFO: Game Over. Points: 800, moves: 141
Apr 15, 2014 8:18:45 AM bot2048.Bot2048 LOG
INFO: Game Over. Points: 184, moves: 56
Apr 15, 2014 8:19:07 AM bot2048.Bot2048 LOG
INFO: Game Over. Points: 228, moves: 58
Apr 15, 2014 8:19:36 AM bot2048.Bot2048 LOG
INFO: Game Over. Points: 528, moves: 95
Apr 15, 2014 8:20:05 AM bot2048.Bot2048 LOG
INFO: Game Over. Points: 356, moves: 92
Apr 15, 2014 8:20:22 AM bot2048.Bot2048 LOG
INFO: Game Over. Points: 168, moves: 45
Apr 15, 2014 8:20:22 AM bot2048.Bot2048 LOG
INFO: >39
Apr 15, 2014 8:20:22 AM bot2048.Bot2048 LOG
INFO: >40
Apr 15, 2014 8:20:22 AM bot2048.Bot2048 LOG
INFO: >37
Apr 15, 2014 8:20:22 AM bot2048.Bot2048 LOG
INFO: >38
Apr 15, 2014 8:21:29 AM bot2048.Bot2048 LOG
INFO: Game Over. Points: 3692, moves: 314
Apr 15, 2014 8:22:27 AM bot2048.Bot2048 LOG
INFO: Game Over. Points: 3144, moves: 263
Apr 15, 2014 8:23:44 AM bot2048.Bot2048 LOG
INFO: Game Over. Points: 4228, moves: 346
Apr 15, 2014 8:25:01 AM bot2048.Bot2048 LOG
INFO: Game Over. Points: 4356, moves: 362
Apr 15, 2014 8:26:57 AM bot2048.Bot2048 LOG
INFO: Game Over. Points: 7776, moves: 546
Apr 15, 2014 8:27:47 AM bot2048.Bot2048 LOG
INFO: Game Over. Points: 2420, moves: 227
Apr 15, 2014 8:28:31 AM bot2048.Bot2048 LOG
INFO: Game Over. Points: 1808, moves: 189
Apr 15, 2014 8:29:28 AM bot2048.Bot2048 LOG
INFO: Game Over. Points: 2808, moves: 244
Apr 15, 2014 8:31:20 AM bot2048.Bot2048 LOG
INFO: Game Over. Points: 7436, moves: 511
Apr 15, 2014 8:32:17 AM bot2048.Bot2048 LOG
INFO: Game Over. Points: 2912, moves: 250
Apr 15, 2014 8:32:17 AM bot2048.Bot2048 LOG
INFO: >39
Apr 15, 2014 8:32:17 AM bot2048.Bot2048 LOG
INFO: >40
Apr 15, 2014 8:32:17 AM bot2048.Bot2048 LOG
INFO: >38
Apr 15, 2014 8:32:17 AM bot2048.Bot2048 LOG
INFO: >37
Apr 15, 2014 8:33:21 AM bot2048.Bot2048 LOG
INFO: Game Over. Points: 3264, moves: 275
Apr 15, 2014 8:33:58 AM bot2048.Bot2048 LOG
INFO: Game Over. Points: 1624, moves: 163
Apr 15, 2014 8:34:44 AM bot2048.Bot2048 LOG
INFO: Game Over. Points: 2140, moves: 214
Apr 15, 2014 8:35:13 AM bot2048.Bot2048 LOG
INFO: Game Over. Points: 1080, moves: 111
Apr 15, 2014 8:36:15 AM bot2048.Bot2048 LOG
INFO: Game Over. Points: 3348, moves: 283
Apr 15, 2014 8:36:42 AM bot2048.Bot2048 LOG
INFO: Game Over. Points: 796, moves: 105
Apr 15, 2014 8:38:10 AM bot2048.Bot2048 LOG
INFO: Game Over. Points: 5496, moves: 384
Apr 15, 2014 8:39:02 AM bot2048.Bot2048 LOG
INFO: Game Over. Points: 2392, moves: 231
Apr 15, 2014 8:40:12 AM bot2048.Bot2048 LOG
INFO: Game Over. Points: 3936, moves: 318
Apr 15, 2014 8:41:47 AM bot2048.Bot2048 LOG
INFO: Game Over. Points: 5300, moves: 411
Apr 15, 2014 8:41:47 AM bot2048.Bot2048 LOG
INFO: >39
Apr 15, 2014 8:41:47 AM bot2048.Bot2048 LOG
INFO: >38
Apr 15, 2014 8:41:47 AM bot2048.Bot2048 LOG
INFO: >40
Apr 15, 2014 8:41:47 AM bot2048.Bot2048 LOG
INFO: >37
Apr 15, 2014 8:43:40 AM bot2048.Bot2048 LOG
INFO: Game Over. Points: 7304, moves: 512
Apr 15, 2014 8:44:35 AM bot2048.Bot2048 LOG
INFO: Game Over. Points: 2504, moves: 236
Apr 15, 2014 8:45:44 AM bot2048.Bot2048 LOG
INFO: Game Over. Points: 3520, moves: 299
Apr 15, 2014 8:46:38 AM bot2048.Bot2048 LOG
INFO: Game Over. Points: 2848, moves: 250
Apr 15, 2014 8:48:07 AM bot2048.Bot2048 LOG
INFO: Game Over. Points: 5616, moves: 399
Apr 15, 2014 8:48:46 AM bot2048.Bot2048 LOG
INFO: Game Over. Points: 1588, moves: 165
Apr 15, 2014 8:49:44 AM bot2048.Bot2048 LOG
INFO: Game Over. Points: 3216, moves: 266
Apr 15, 2014 8:50:35 AM bot2048.Bot2048 LOG
INFO: Game Over. Points: 2176, moves: 217
Apr 15, 2014 8:51:20 AM bot2048.Bot2048 LOG
INFO: Game Over. Points: 1816, moves: 185
Apr 15, 2014 8:52:05 AM bot2048.Bot2048 LOG
INFO: Game Over. Points: 2304, moves: 185
Apr 15, 2014 8:52:05 AM bot2048.Bot2048 LOG
INFO: >39
Apr 15, 2014 8:52:05 AM bot2048.Bot2048 LOG
INFO: >38
Apr 15, 2014 8:52:05 AM bot2048.Bot2048 LOG
INFO: >37
Apr 15, 2014 8:52:05 AM bot2048.Bot2048 LOG
INFO: >40
Apr 15, 2014 8:53:13 AM bot2048.Bot2048 LOG
INFO: Game Over. Points: 3688, moves: 312
Apr 15, 2014 8:53:48 AM bot2048.Bot2048 LOG
INFO: Game Over. Points: 1316, moves: 141
Apr 15, 2014 8:54:46 AM bot2048.Bot2048 LOG
INFO: Game Over. Points: 2856, moves: 244
Apr 15, 2014 8:55:31 AM bot2048.Bot2048 LOG
INFO: Game Over. Points: 2464, moves: 208
Apr 15, 2014 8:56:59 AM bot2048.Bot2048 LOG
INFO: Game Over. Points: 5648, moves: 395
Apr 15, 2014 8:58:03 AM bot2048.Bot2048 LOG
INFO: Game Over. Points: 3588, moves: 295
Apr 15, 2014 8:58:57 AM bot2048.Bot2048 LOG
INFO: Game Over. Points: 2640, moves: 226
Apr 15, 2014 9:00:08 AM bot2048.Bot2048 LOG
INFO: Game Over. Points: 4124, moves: 318
Apr 15, 2014 9:01:11 AM bot2048.Bot2048 LOG
INFO: Game Over. Points: 3364, moves: 276
Apr 15, 2014 9:02:03 AM bot2048.Bot2048 LOG
INFO: Game Over. Points: 2120, moves: 217
Apr 15, 2014 9:02:03 AM bot2048.Bot2048 LOG
INFO: >38
Apr 15, 2014 9:02:03 AM bot2048.Bot2048 LOG
INFO: >37
Apr 15, 2014 9:02:03 AM bot2048.Bot2048 LOG
INFO: >39
Apr 15, 2014 9:02:03 AM bot2048.Bot2048 LOG
INFO: >40
Apr 15, 2014 9:03:06 AM bot2048.Bot2048 LOG
INFO: Game Over. Points: 3256, moves: 269
Apr 15, 2014 9:03:57 AM bot2048.Bot2048 LOG
INFO: Game Over. Points: 2588, moves: 222
Apr 15, 2014 9:04:46 AM bot2048.Bot2048 LOG
INFO: Game Over. Points: 2700, moves: 223
Apr 15, 2014 9:05:34 AM bot2048.Bot2048 LOG
INFO: Game Over. Points: 2188, moves: 202
Apr 15, 2014 9:06:29 AM bot2048.Bot2048 LOG
INFO: Game Over. Points: 2852, moves: 250
Apr 15, 2014 9:07:40 AM bot2048.Bot2048 LOG
INFO: Game Over. Points: 3800, moves: 305
Apr 15, 2014 9:08:01 AM bot2048.Bot2048 LOG
INFO: Game Over. Points: 616, moves: 84
Apr 15, 2014 9:08:47 AM bot2048.Bot2048 LOG
INFO: Game Over. Points: 2388, moves: 203
Apr 15, 2014 9:09:52 AM bot2048.Bot2048 LOG
INFO: Game Over. Points: 3440, moves: 290
Apr 15, 2014 9:10:52 AM bot2048.Bot2048 LOG
INFO: Game Over. Points: 3080, moves: 268
Apr 15, 2014 9:10:52 AM bot2048.Bot2048 LOG
INFO: >38
Apr 15, 2014 9:10:52 AM bot2048.Bot2048 LOG
INFO: >37
Apr 15, 2014 9:10:52 AM bot2048.Bot2048 LOG
INFO: >40
Apr 15, 2014 9:10:52 AM bot2048.Bot2048 LOG
INFO: >39
Apr 15, 2014 9:12:19 AM bot2048.Bot2048 LOG
INFO: Game Over. Points: 5712, moves: 404
Apr 15, 2014 9:13:19 AM bot2048.Bot2048 LOG
INFO: Game Over. Points: 3260, moves: 274
Apr 15, 2014 9:13:57 AM bot2048.Bot2048 LOG
INFO: Game Over. Points: 1568, moves: 163
Apr 15, 2014 9:14:57 AM bot2048.Bot2048 LOG
INFO: Game Over. Points: 3192, moves: 268
Apr 15, 2014 9:15:47 AM bot2048.Bot2048 LOG
INFO: Game Over. Points: 2140, moves: 211
Apr 15, 2014 9:17:27 AM bot2048.Bot2048 LOG
INFO: Game Over. Points: 6492, moves: 466
