Apr 16, 2014 12:13:50 PM bot2048.Bot2048 LOG
SEVERE: unknown tile color: 2048
Apr 16, 2014 12:15:26 PM bot2048.Bot2048 LOG
INFO: Game Over. Points: 6256, moves: 417
Apr 16, 2014 12:15:29 PM bot2048.Bot2048 LOG
SEVERE: ERROR: [0,1]Color not found: #bbada0
Apr 16, 2014 12:15:29 PM bot2048.Bot2048 LOG
SEVERE: ERROR: [0,1]Color not found: #bbada0
Apr 16, 2014 12:15:29 PM bot2048.Bot2048 LOG
SEVERE: ERROR: [0,1]Color not found: #bbada0
Apr 16, 2014 12:15:30 PM bot2048.Bot2048 LOG
SEVERE: ERROR: [0,1]Color not found: #bbada0
Apr 16, 2014 12:15:30 PM bot2048.Bot2048 LOG
SEVERE: ERROR: [0,1]Color not found: #bbada0
Apr 16, 2014 12:15:30 PM bot2048.Bot2048 LOG
SEVERE: ERROR: [0,1]Color not found: #bbada0
Apr 16, 2014 12:15:30 PM bot2048.Bot2048 LOG
SEVERE: ERROR: [0,1]Color not found: #bbada0
Apr 16, 2014 12:15:30 PM bot2048.Bot2048 LOG
SEVERE: ERROR: [0,1]Color not found: #bbada0
Apr 16, 2014 12:15:30 PM bot2048.Bot2048 LOG
SEVERE: ERROR: [0,1]Color not found: #bbada0
Apr 16, 2014 12:15:30 PM bot2048.Bot2048 LOG
SEVERE: ERROR: [0,1]Color not found: #bbada0
Apr 16, 2014 12:15:30 PM bot2048.Bot2048 LOG
SEVERE: ERROR: [0,1]Color not found: #bbada0
Apr 16, 2014 12:15:30 PM bot2048.Bot2048 LOG
SEVERE: ERROR: [0,1]Color not found: #bbada0
Apr 16, 2014 12:15:30 PM bot2048.Bot2048 LOG
SEVERE: ERROR: [0,1]Color not found: #bbada0
Apr 16, 2014 12:15:30 PM bot2048.Bot2048 LOG
SEVERE: ERROR: [0,1]Color not found: #bbada0
Apr 16, 2014 12:15:30 PM bot2048.Bot2048 LOG
SEVERE: ERROR: [0,1]Color not found: #bbada0
Apr 16, 2014 12:15:31 PM bot2048.Bot2048 LOG
SEVERE: ERROR: [0,1]Color not found: #bbada0
Apr 16, 2014 12:15:31 PM bot2048.Bot2048 LOG
SEVERE: ERROR: [0,1]Color not found: #bbada0
Apr 16, 2014 12:15:31 PM bot2048.Bot2048 LOG
SEVERE: ERROR: [0,1]Color not found: #bbada0
Apr 16, 2014 12:15:31 PM bot2048.Bot2048 LOG
SEVERE: ERROR: [0,1]Color not found: #bbada0
Apr 16, 2014 12:15:31 PM bot2048.Bot2048 LOG
SEVERE: ERROR: [0,1]Color not found: #bbada0
Apr 16, 2014 12:15:31 PM bot2048.Bot2048 LOG
SEVERE: ERROR: [0,1]Color not found: #bbada0
Apr 16, 2014 12:15:31 PM bot2048.Bot2048 LOG
SEVERE: ERROR: [0,1]Color not found: #bbada0
Apr 16, 2014 12:15:31 PM bot2048.Bot2048 LOG
SEVERE: ERROR: [0,1]Color not found: #bbada0
Apr 16, 2014 12:15:31 PM bot2048.Bot2048 LOG
SEVERE: ERROR: [0,1]Color not found: #bbada0
Apr 16, 2014 12:15:31 PM bot2048.Bot2048 LOG
SEVERE: ERROR: [0,1]Color not found: #bbada0
Apr 16, 2014 12:15:31 PM bot2048.Bot2048 LOG
SEVERE: ERROR: [0,1]Color not found: #bbada0
Apr 16, 2014 12:15:31 PM bot2048.Bot2048 LOG
SEVERE: ERROR: [0,1]Color not found: #bbada0
Apr 16, 2014 12:15:32 PM bot2048.Bot2048 LOG
SEVERE: ERROR: [0,1]Color not found: #bbada0
Apr 16, 2014 12:15:32 PM bot2048.Bot2048 LOG
SEVERE: ERROR: [0,1]Color not found: #bbada0
Apr 16, 2014 12:15:32 PM bot2048.Bot2048 LOG
SEVERE: ERROR: [0,1]Color not found: #bbada0
Apr 16, 2014 12:15:32 PM bot2048.Bot2048 LOG
SEVERE: ERROR: [0,1]Color not found: #bbada0
Apr 16, 2014 12:15:32 PM bot2048.Bot2048 LOG
SEVERE: ERROR: [0,1]Color not found: #bbada0
Apr 16, 2014 12:15:32 PM bot2048.Bot2048 LOG
SEVERE: ERROR: [0,1]Color not found: #bbada0
Apr 16, 2014 12:15:32 PM bot2048.Bot2048 LOG
SEVERE: ERROR: [0,1]Color not found: #bbada0
Apr 16, 2014 12:15:32 PM bot2048.Bot2048 LOG
SEVERE: ERROR: [0,1]Color not found: #bbada0
Apr 16, 2014 12:15:32 PM bot2048.Bot2048 LOG
SEVERE: ERROR: [0,1]Color not found: #bbada0
Apr 16, 2014 12:15:32 PM bot2048.Bot2048 LOG
SEVERE: ERROR: [0,1]Color not found: #bbada0
Apr 16, 2014 12:15:32 PM bot2048.Bot2048 LOG
SEVERE: ERROR: [0,1]Color not found: #bbada0
Apr 16, 2014 12:15:32 PM bot2048.Bot2048 LOG
SEVERE: ERROR: [0,1]Color not found: #bbada0
Apr 16, 2014 12:15:33 PM bot2048.Bot2048 LOG
SEVERE: ERROR: [0,1]Color not found: #bbada0
Apr 16, 2014 12:15:33 PM bot2048.Bot2048 LOG
SEVERE: ERROR: [0,1]Color not found: #bbada0
Apr 16, 2014 12:15:33 PM bot2048.Bot2048 LOG
SEVERE: ERROR: [0,1]Color not found: #bbada0
Apr 16, 2014 12:15:33 PM bot2048.Bot2048 LOG
SEVERE: ERROR: [0,1]Color not found: #bbada0
Apr 16, 2014 12:15:33 PM bot2048.Bot2048 LOG
SEVERE: ERROR: [0,1]Color not found: #bbada0
Apr 16, 2014 12:15:33 PM bot2048.Bot2048 LOG
SEVERE: ERROR: [0,1]Color not found: #bbada0
Apr 16, 2014 12:15:33 PM bot2048.Bot2048 LOG
SEVERE: ERROR: [0,1]Color not found: #bbada0
Apr 16, 2014 12:15:33 PM bot2048.Bot2048 LOG
SEVERE: ERROR: [0,1]Color not found: #bbada0
Apr 16, 2014 12:15:33 PM bot2048.Bot2048 LOG
SEVERE: ERROR: [0,1]Color not found: #bbada0
Apr 16, 2014 12:15:33 PM bot2048.Bot2048 LOG
SEVERE: ERROR: [0,1]Color not found: #bbada0
Apr 16, 2014 12:15:33 PM bot2048.Bot2048 LOG
SEVERE: ERROR: [0,1]Color not found: #bbada0
Apr 16, 2014 12:15:33 PM bot2048.Bot2048 LOG
SEVERE: ERROR: [0,1]Color not found: #bbada0
Apr 16, 2014 12:15:33 PM bot2048.Bot2048 LOG
SEVERE: ERROR: [0,1]Color not found: #bbada0
Apr 16, 2014 12:15:34 PM bot2048.Bot2048 LOG
SEVERE: ERROR: [0,1]Color not found: #bbada0
Apr 16, 2014 12:15:34 PM bot2048.Bot2048 LOG
SEVERE: ERROR: [0,1]Color not found: #bbada0
Apr 16, 2014 12:15:34 PM bot2048.Bot2048 LOG
SEVERE: ERROR: [0,1]Color not found: #bbada0
Apr 16, 2014 12:15:34 PM bot2048.Bot2048 LOG
SEVERE: ERROR: [0,1]Color not found: #bbada0
Apr 16, 2014 12:15:34 PM bot2048.Bot2048 LOG
SEVERE: ERROR: [0,1]Color not found: #bbada0
Apr 16, 2014 12:15:34 PM bot2048.Bot2048 LOG
SEVERE: ERROR: [0,1]Color not found: #bbada0
Apr 16, 2014 12:15:34 PM bot2048.Bot2048 LOG
SEVERE: ERROR: [0,1]Color not found: #bbada0
Apr 16, 2014 12:15:34 PM bot2048.Bot2048 LOG
SEVERE: ERROR: [0,1]Color not found: #bbada0
Apr 16, 2014 12:15:34 PM bot2048.Bot2048 LOG
SEVERE: ERROR: [0,1]Color not found: #bbada0
Apr 16, 2014 12:15:34 PM bot2048.Bot2048 LOG
SEVERE: ERROR: [0,1]Color not found: #bbada0
Apr 16, 2014 12:15:34 PM bot2048.Bot2048 LOG
SEVERE: ERROR: [0,1]Color not found: #bbada0
Apr 16, 2014 12:15:35 PM bot2048.Bot2048 LOG
SEVERE: ERROR: [0,1]Color not found: #bbada0
Apr 16, 2014 12:15:35 PM bot2048.Bot2048 LOG
SEVERE: ERROR: [0,1]Color not found: #bbada0
Apr 16, 2014 12:15:35 PM bot2048.Bot2048 LOG
SEVERE: ERROR: [0,1]Color not found: #bbada0
Apr 16, 2014 12:15:35 PM bot2048.Bot2048 LOG
SEVERE: ERROR: [0,1]Color not found: #bbada0
Apr 16, 2014 12:15:35 PM bot2048.Bot2048 LOG
SEVERE: ERROR: [0,1]Color not found: #bbada0
Apr 16, 2014 12:15:35 PM bot2048.Bot2048 LOG
SEVERE: ERROR: [0,1]Color not found: #bbada0
Apr 16, 2014 12:15:35 PM bot2048.Bot2048 LOG
SEVERE: ERROR: [0,1]Color not found: #bbada0
Apr 16, 2014 12:15:35 PM bot2048.Bot2048 LOG
SEVERE: ERROR: [0,1]Color not found: #bbada0
Apr 16, 2014 12:15:35 PM bot2048.Bot2048 LOG
SEVERE: ERROR: [0,1]Color not found: #bbada0
Apr 16, 2014 12:15:35 PM bot2048.Bot2048 LOG
SEVERE: ERROR: [0,1]Color not found: #bbada0
Apr 16, 2014 12:15:35 PM bot2048.Bot2048 LOG
SEVERE: ERROR: [0,1]Color not found: #bbada0
Apr 16, 2014 12:15:35 PM bot2048.Bot2048 LOG
SEVERE: ERROR: [0,1]Color not found: #bbada0
Apr 16, 2014 12:15:36 PM bot2048.Bot2048 LOG
SEVERE: ERROR: [0,1]Color not found: #bbada0
Apr 16, 2014 12:15:36 PM bot2048.Bot2048 LOG
SEVERE: ERROR: [0,1]Color not found: #bbada0
Apr 16, 2014 12:15:36 PM bot2048.Bot2048 LOG
SEVERE: ERROR: [0,1]Color not found: #bbada0
Apr 16, 2014 12:15:36 PM bot2048.Bot2048 LOG
SEVERE: ERROR: [0,1]Color not found: #bbada0
Apr 16, 2014 12:15:36 PM bot2048.Bot2048 LOG
SEVERE: ERROR: [0,1]Color not found: #bbada0
Apr 16, 2014 12:15:36 PM bot2048.Bot2048 LOG
SEVERE: ERROR: [0,1]Color not found: #bbada0
Apr 16, 2014 12:15:36 PM bot2048.Bot2048 LOG
SEVERE: ERROR: [0,1]Color not found: #bbada0
Apr 16, 2014 12:15:36 PM bot2048.Bot2048 LOG
SEVERE: ERROR: [0,1]Color not found: #bbada0
Apr 16, 2014 12:15:36 PM bot2048.Bot2048 LOG
SEVERE: ERROR: [0,1]Color not found: #bbada0
Apr 16, 2014 12:15:36 PM bot2048.Bot2048 LOG
SEVERE: ERROR: [0,1]Color not found: #bbada0
Apr 16, 2014 12:15:36 PM bot2048.Bot2048 LOG
SEVERE: ERROR: [0,1]Color not found: #bbada0
Apr 16, 2014 12:15:36 PM bot2048.Bot2048 LOG
SEVERE: ERROR: [0,1]Color not found: #bbada0
Apr 16, 2014 12:15:37 PM bot2048.Bot2048 LOG
SEVERE: ERROR: [0,1]Color not found: #bbada0
Apr 16, 2014 12:15:37 PM bot2048.Bot2048 LOG
SEVERE: ERROR: [0,1]Color not found: #bbada0
Apr 16, 2014 12:15:37 PM bot2048.Bot2048 LOG
SEVERE: ERROR: [0,1]Color not found: #bbada0
Apr 16, 2014 12:15:37 PM bot2048.Bot2048 LOG
SEVERE: ERROR: [0,1]Color not found: #bbada0
Apr 16, 2014 12:15:37 PM bot2048.Bot2048 LOG
SEVERE: ERROR: [0,1]Color not found: #bbada0
Apr 16, 2014 12:15:37 PM bot2048.Bot2048 LOG
SEVERE: ERROR: [0,1]Color not found: #bbada0
Apr 16, 2014 12:15:37 PM bot2048.Bot2048 LOG
SEVERE: ERROR: [0,1]Color not found: #bbada0
Apr 16, 2014 12:15:37 PM bot2048.Bot2048 LOG
SEVERE: ERROR: [0,1]Color not found: #bbada0
Apr 16, 2014 12:15:37 PM bot2048.Bot2048 LOG
SEVERE: ERROR: [0,1]Color not found: #bbada0
Apr 16, 2014 12:15:37 PM bot2048.Bot2048 LOG
SEVERE: ERROR: [0,1]Color not found: #bbada0
Apr 16, 2014 12:15:37 PM bot2048.Bot2048 LOG
SEVERE: ERROR: [0,1]Color not found: #bbada0
Apr 16, 2014 12:15:37 PM bot2048.Bot2048 LOG
SEVERE: ERROR: [0,1]Color not found: #bbada0
Apr 16, 2014 12:15:38 PM bot2048.Bot2048 LOG
SEVERE: ERROR: [0,1]Color not found: #bbada0
Apr 16, 2014 12:15:38 PM bot2048.Bot2048 LOG
SEVERE: ERROR: [0,1]Color not found: #bbada0
Apr 16, 2014 12:15:38 PM bot2048.Bot2048 LOG
SEVERE: ERROR: [0,1]Color not found: #bbada0
Apr 16, 2014 12:15:38 PM bot2048.Bot2048 LOG
SEVERE: ERROR: [0,1]Color not found: #bbada0
Apr 16, 2014 12:15:38 PM bot2048.Bot2048 LOG
SEVERE: ERROR: [0,1]Color not found: #bbada0
Apr 16, 2014 12:15:38 PM bot2048.Bot2048 LOG
SEVERE: ERROR: [0,1]Color not found: #bbada0
Apr 16, 2014 12:15:38 PM bot2048.Bot2048 LOG
SEVERE: ERROR: [0,1]Color not found: #bbada0
Apr 16, 2014 12:15:38 PM bot2048.Bot2048 LOG
SEVERE: ERROR: [0,1]Color not found: #bbada0
Apr 16, 2014 12:15:38 PM bot2048.Bot2048 LOG
SEVERE: ERROR: [0,1]Color not found: #bbada0
Apr 16, 2014 12:15:38 PM bot2048.Bot2048 LOG
SEVERE: ERROR: [0,1]Color not found: #bbada0
Apr 16, 2014 12:15:38 PM bot2048.Bot2048 LOG
SEVERE: ERROR: [0,1]Color not found: #bbada0
Apr 16, 2014 12:15:38 PM bot2048.Bot2048 LOG
SEVERE: ERROR: [0,1]Color not found: #bbada0
Apr 16, 2014 12:15:39 PM bot2048.Bot2048 LOG
SEVERE: ERROR: [0,1]Color not found: #bbada0
Apr 16, 2014 12:15:39 PM bot2048.Bot2048 LOG
SEVERE: ERROR: [0,1]Color not found: #bbada0
Apr 16, 2014 12:15:39 PM bot2048.Bot2048 LOG
SEVERE: ERROR: [0,1]Color not found: #bbada0
Apr 16, 2014 12:15:39 PM bot2048.Bot2048 LOG
SEVERE: ERROR: [0,1]Color not found: #bbada0
Apr 16, 2014 12:15:39 PM bot2048.Bot2048 LOG
SEVERE: ERROR: [0,1]Color not found: #bbada0
Apr 16, 2014 12:15:39 PM bot2048.Bot2048 LOG
SEVERE: ERROR: [0,1]Color not found: #bbada0
Apr 16, 2014 12:15:39 PM bot2048.Bot2048 LOG
SEVERE: ERROR: [0,1]Color not found: #bbada0
Apr 16, 2014 12:15:39 PM bot2048.Bot2048 LOG
SEVERE: ERROR: [0,1]Color not found: #bbada0
Apr 16, 2014 12:15:39 PM bot2048.Bot2048 LOG
SEVERE: ERROR: [0,1]Color not found: #bbada0
Apr 16, 2014 12:15:39 PM bot2048.Bot2048 LOG
SEVERE: ERROR: [0,1]Color not found: #bbada0
Apr 16, 2014 12:15:39 PM bot2048.Bot2048 LOG
SEVERE: ERROR: [0,1]Color not found: #bbada0
Apr 16, 2014 12:15:39 PM bot2048.Bot2048 LOG
SEVERE: ERROR: [0,1]Color not found: #bbada0
Apr 16, 2014 12:15:40 PM bot2048.Bot2048 LOG
SEVERE: ERROR: [0,1]Color not found: #bbada0
Apr 16, 2014 12:15:40 PM bot2048.Bot2048 LOG
SEVERE: ERROR: [0,1]Color not found: #bbada0
Apr 16, 2014 12:15:40 PM bot2048.Bot2048 LOG
SEVERE: ERROR: [0,1]Color not found: #bbada0
Apr 16, 2014 12:15:40 PM bot2048.Bot2048 LOG
SEVERE: ERROR: [0,1]Color not found: #bbada0
Apr 16, 2014 12:15:40 PM bot2048.Bot2048 LOG
SEVERE: ERROR: [0,1]Color not found: #bbada0
Apr 16, 2014 12:15:40 PM bot2048.Bot2048 LOG
SEVERE: ERROR: [0,1]Color not found: #bbada0
Apr 16, 2014 12:15:40 PM bot2048.Bot2048 LOG
SEVERE: ERROR: [0,1]Color not found: #bbada0
Apr 16, 2014 12:15:40 PM bot2048.Bot2048 LOG
SEVERE: ERROR: [0,1]Color not found: #bbada0
Apr 16, 2014 12:15:40 PM bot2048.Bot2048 LOG
SEVERE: ERROR: [0,1]Color not found: #bbada0
Apr 16, 2014 12:15:40 PM bot2048.Bot2048 LOG
SEVERE: ERROR: [0,1]Color not found: #bbada0
Apr 16, 2014 12:15:40 PM bot2048.Bot2048 LOG
SEVERE: ERROR: [0,1]Color not found: #bbada0
Apr 16, 2014 12:15:40 PM bot2048.Bot2048 LOG
SEVERE: ERROR: [0,1]Color not found: #bbada0
Apr 16, 2014 12:15:41 PM bot2048.Bot2048 LOG
SEVERE: ERROR: [0,1]Color not found: #bbada0
Apr 16, 2014 12:15:41 PM bot2048.Bot2048 LOG
SEVERE: ERROR: [0,1]Color not found: #bbada0
Apr 16, 2014 12:15:41 PM bot2048.Bot2048 LOG
SEVERE: ERROR: [0,1]Color not found: #bbada0
Apr 16, 2014 12:15:41 PM bot2048.Bot2048 LOG
SEVERE: ERROR: [0,1]Color not found: #bbada0
Apr 16, 2014 12:15:41 PM bot2048.Bot2048 LOG
SEVERE: ERROR: [0,1]Color not found: #bbada0
Apr 16, 2014 12:15:41 PM bot2048.Bot2048 LOG
SEVERE: ERROR: [0,1]Color not found: #bbada0
Apr 16, 2014 12:15:41 PM bot2048.Bot2048 LOG
SEVERE: ERROR: [0,1]Color not found: #bbada0
Apr 16, 2014 12:15:41 PM bot2048.Bot2048 LOG
SEVERE: ERROR: [0,1]Color not found: #bbada0
Apr 16, 2014 12:15:41 PM bot2048.Bot2048 LOG
SEVERE: ERROR: [0,1]Color not found: #bbada0
Apr 16, 2014 12:15:41 PM bot2048.Bot2048 LOG
SEVERE: ERROR: [0,1]Color not found: #bbada0
Apr 16, 2014 12:15:41 PM bot2048.Bot2048 LOG
SEVERE: ERROR: [0,1]Color not found: #bbada0
Apr 16, 2014 12:15:41 PM bot2048.Bot2048 LOG
SEVERE: ERROR: [0,1]Color not found: #bbada0
Apr 16, 2014 12:15:42 PM bot2048.Bot2048 LOG
SEVERE: ERROR: [0,1]Color not found: #bbada0
Apr 16, 2014 12:15:42 PM bot2048.Bot2048 LOG
SEVERE: ERROR: [0,1]Color not found: #bbada0
Apr 16, 2014 12:15:42 PM bot2048.Bot2048 LOG
SEVERE: ERROR: [0,1]Color not found: #bbada0
Apr 16, 2014 12:15:42 PM bot2048.Bot2048 LOG
SEVERE: ERROR: [0,1]Color not found: #bbada0
Apr 16, 2014 12:15:42 PM bot2048.Bot2048 LOG
SEVERE: ERROR: [0,1]Color not found: #bbada0
Apr 16, 2014 12:15:42 PM bot2048.Bot2048 LOG
SEVERE: ERROR: [0,1]Color not found: #bbada0
Apr 16, 2014 12:15:42 PM bot2048.Bot2048 LOG
SEVERE: ERROR: [0,1]Color not found: #bbada0
Apr 16, 2014 12:15:42 PM bot2048.Bot2048 LOG
SEVERE: ERROR: [0,1]Color not found: #bbada0
Apr 16, 2014 12:15:42 PM bot2048.Bot2048 LOG
SEVERE: ERROR: [0,1]Color not found: #bbada0
Apr 16, 2014 12:15:42 PM bot2048.Bot2048 LOG
SEVERE: ERROR: [0,1]Color not found: #bbada0
Apr 16, 2014 12:15:42 PM bot2048.Bot2048 LOG
SEVERE: ERROR: [0,1]Color not found: #bbada0
Apr 16, 2014 12:15:42 PM bot2048.Bot2048 LOG
SEVERE: ERROR: [0,1]Color not found: #bbada0
Apr 16, 2014 12:15:43 PM bot2048.Bot2048 LOG
SEVERE: ERROR: [0,1]Color not found: #bbada0
Apr 16, 2014 12:15:43 PM bot2048.Bot2048 LOG
SEVERE: ERROR: [0,1]Color not found: #bbada0
Apr 16, 2014 12:15:43 PM bot2048.Bot2048 LOG
SEVERE: ERROR: [0,1]Color not found: #bbada0
Apr 16, 2014 12:15:43 PM bot2048.Bot2048 LOG
SEVERE: ERROR: [0,1]Color not found: #bbada0
Apr 16, 2014 12:15:43 PM bot2048.Bot2048 LOG
SEVERE: ERROR: [0,1]Color not found: #bbada0
Apr 16, 2014 12:15:43 PM bot2048.Bot2048 LOG
SEVERE: ERROR: [0,1]Color not found: #bbada0
Apr 16, 2014 12:15:43 PM bot2048.Bot2048 LOG
SEVERE: ERROR: [0,1]Color not found: #bbada0
Apr 16, 2014 12:15:43 PM bot2048.Bot2048 LOG
SEVERE: ERROR: [0,1]Color not found: #bbada0
Apr 16, 2014 12:15:43 PM bot2048.Bot2048 LOG
SEVERE: ERROR: [0,1]Color not found: #bbada0
Apr 16, 2014 12:15:43 PM bot2048.Bot2048 LOG
SEVERE: ERROR: [0,1]Color not found: #bbada0
Apr 16, 2014 12:15:43 PM bot2048.Bot2048 LOG
SEVERE: ERROR: [0,1]Color not found: #bbada0
Apr 16, 2014 12:15:43 PM bot2048.Bot2048 LOG
SEVERE: ERROR: [0,1]Color not found: #bbada0
Apr 16, 2014 12:15:44 PM bot2048.Bot2048 LOG
SEVERE: ERROR: [0,1]Color not found: #bbada0
Apr 16, 2014 12:15:44 PM bot2048.Bot2048 LOG
SEVERE: ERROR: [0,1]Color not found: #bbada0
Apr 16, 2014 12:15:44 PM bot2048.Bot2048 LOG
SEVERE: ERROR: [0,1]Color not found: #bbada0
Apr 16, 2014 12:15:44 PM bot2048.Bot2048 LOG
SEVERE: ERROR: [0,1]Color not found: #bbada0
Apr 16, 2014 12:15:44 PM bot2048.Bot2048 LOG
SEVERE: ERROR: [0,1]Color not found: #bbada0
Apr 16, 2014 12:15:44 PM bot2048.Bot2048 LOG
SEVERE: ERROR: [0,1]Color not found: #bbada0
Apr 16, 2014 12:15:44 PM bot2048.Bot2048 LOG
SEVERE: ERROR: [0,1]Color not found: #bbada0
Apr 16, 2014 12:15:44 PM bot2048.Bot2048 LOG
SEVERE: ERROR: [0,1]Color not found: #bbada0
Apr 16, 2014 12:15:44 PM bot2048.Bot2048 LOG
SEVERE: ERROR: [0,1]Color not found: #bbada0
Apr 16, 2014 12:15:44 PM bot2048.Bot2048 LOG
SEVERE: ERROR: [0,1]Color not found: #bbada0
Apr 16, 2014 12:15:44 PM bot2048.Bot2048 LOG
SEVERE: ERROR: [0,1]Color not found: #bbada0
Apr 16, 2014 12:15:44 PM bot2048.Bot2048 LOG
SEVERE: ERROR: [0,1]Color not found: #bbada0
Apr 16, 2014 12:15:44 PM bot2048.Bot2048 LOG
SEVERE: ERROR: [0,1]Color not found: #bbada0
Apr 16, 2014 12:15:45 PM bot2048.Bot2048 LOG
SEVERE: ERROR: [0,1]Color not found: #bbada0
Apr 16, 2014 12:15:45 PM bot2048.Bot2048 LOG
SEVERE: ERROR: [0,1]Color not found: #bbada0
Apr 16, 2014 12:15:45 PM bot2048.Bot2048 LOG
SEVERE: ERROR: [0,1]Color not found: #bbada0
Apr 16, 2014 12:15:45 PM bot2048.Bot2048 LOG
SEVERE: ERROR: [0,1]Color not found: #bbada0
Apr 16, 2014 12:15:45 PM bot2048.Bot2048 LOG
SEVERE: ERROR: [0,1]Color not found: #bbada0
Apr 16, 2014 12:15:45 PM bot2048.Bot2048 LOG
SEVERE: ERROR: [0,1]Color not found: #bbada0
Apr 16, 2014 12:15:45 PM bot2048.Bot2048 LOG
SEVERE: ERROR: [0,1]Color not found: #bbada0
Apr 16, 2014 12:15:45 PM bot2048.Bot2048 LOG
SEVERE: ERROR: [0,1]Color not found: #bbada0
Apr 16, 2014 12:15:45 PM bot2048.Bot2048 LOG
SEVERE: ERROR: [0,1]Color not found: #bbada0
Apr 16, 2014 12:15:45 PM bot2048.Bot2048 LOG
SEVERE: ERROR: [0,1]Color not found: #bbada0
Apr 16, 2014 12:15:45 PM bot2048.Bot2048 LOG
SEVERE: ERROR: [0,1]Color not found: #bbada0
Apr 16, 2014 12:15:45 PM bot2048.Bot2048 LOG
SEVERE: ERROR: [0,1]Color not found: #bbada0
Apr 16, 2014 12:15:46 PM bot2048.Bot2048 LOG
SEVERE: ERROR: [0,1]Color not found: #bbada0
Apr 16, 2014 12:15:46 PM bot2048.Bot2048 LOG
SEVERE: ERROR: [0,1]Color not found: #bbada0
Apr 16, 2014 12:15:46 PM bot2048.Bot2048 LOG
SEVERE: ERROR: [0,1]Color not found: #bbada0
Apr 16, 2014 12:15:46 PM bot2048.Bot2048 LOG
SEVERE: ERROR: [0,1]Color not found: #bbada0
Apr 16, 2014 12:15:46 PM bot2048.Bot2048 LOG
SEVERE: ERROR: [0,1]Color not found: #bbada0
Apr 16, 2014 12:15:46 PM bot2048.Bot2048 LOG
SEVERE: ERROR: [0,1]Color not found: #bbada0
Apr 16, 2014 12:15:46 PM bot2048.Bot2048 LOG
SEVERE: ERROR: [0,1]Color not found: #bbada0
Apr 16, 2014 12:15:46 PM bot2048.Bot2048 LOG
SEVERE: ERROR: [0,1]Color not found: #bbada0
Apr 16, 2014 12:15:46 PM bot2048.Bot2048 LOG
SEVERE: ERROR: [0,1]Color not found: #bbada0
Apr 16, 2014 12:15:46 PM bot2048.Bot2048 LOG
SEVERE: ERROR: [0,1]Color not found: #bbada0
Apr 16, 2014 12:15:46 PM bot2048.Bot2048 LOG
SEVERE: ERROR: [0,1]Color not found: #bbada0
Apr 16, 2014 12:15:46 PM bot2048.Bot2048 LOG
SEVERE: ERROR: [0,1]Color not found: #bbada0
Apr 16, 2014 12:15:47 PM bot2048.Bot2048 LOG
SEVERE: ERROR: [0,1]Color not found: #bbada0
Apr 16, 2014 12:15:47 PM bot2048.Bot2048 LOG
SEVERE: ERROR: [0,1]Color not found: #bbada0
Apr 16, 2014 12:15:47 PM bot2048.Bot2048 LOG
SEVERE: ERROR: [0,1]Color not found: #bbada0
Apr 16, 2014 12:15:47 PM bot2048.Bot2048 LOG
SEVERE: ERROR: [0,1]Color not found: #bbada0
Apr 16, 2014 12:15:47 PM bot2048.Bot2048 LOG
SEVERE: ERROR: [0,1]Color not found: #bbada0
Apr 16, 2014 12:15:47 PM bot2048.Bot2048 LOG
SEVERE: ERROR: [0,1]Color not found: #bbada0
Apr 16, 2014 12:15:47 PM bot2048.Bot2048 LOG
SEVERE: ERROR: [0,1]Color not found: #bbada0
Apr 16, 2014 12:15:47 PM bot2048.Bot2048 LOG
SEVERE: ERROR: [0,1]Color not found: #bbada0
Apr 16, 2014 12:15:47 PM bot2048.Bot2048 LOG
SEVERE: ERROR: [0,1]Color not found: #bbada0
Apr 16, 2014 12:15:47 PM bot2048.Bot2048 LOG
SEVERE: ERROR: [0,1]Color not found: #bbada0
Apr 16, 2014 12:15:47 PM bot2048.Bot2048 LOG
SEVERE: ERROR: [0,1]Color not found: #bbada0
Apr 16, 2014 12:15:47 PM bot2048.Bot2048 LOG
SEVERE: ERROR: [0,1]Color not found: #bbada0
Apr 16, 2014 12:15:48 PM bot2048.Bot2048 LOG
SEVERE: ERROR: [0,1]Color not found: #bbada0
Apr 16, 2014 12:15:48 PM bot2048.Bot2048 LOG
SEVERE: ERROR: [0,1]Color not found: #bbada0
Apr 16, 2014 12:15:48 PM bot2048.Bot2048 LOG
SEVERE: ERROR: [0,1]Color not found: #bbada0
Apr 16, 2014 12:15:48 PM bot2048.Bot2048 LOG
SEVERE: ERROR: [0,1]Color not found: #bbada0
Apr 16, 2014 12:15:48 PM bot2048.Bot2048 LOG
SEVERE: ERROR: [0,1]Color not found: #bbada0
Apr 16, 2014 12:15:48 PM bot2048.Bot2048 LOG
SEVERE: ERROR: [0,1]Color not found: #bbada0
Apr 16, 2014 12:15:48 PM bot2048.Bot2048 LOG
SEVERE: ERROR: [0,1]Color not found: #bbada0
Apr 16, 2014 12:15:48 PM bot2048.Bot2048 LOG
SEVERE: ERROR: [0,1]Color not found: #bbada0
Apr 16, 2014 12:15:48 PM bot2048.Bot2048 LOG
SEVERE: ERROR: [0,1]Color not found: #bbada0
Apr 16, 2014 12:15:48 PM bot2048.Bot2048 LOG
SEVERE: ERROR: [0,1]Color not found: #bbada0
Apr 16, 2014 12:15:48 PM bot2048.Bot2048 LOG
SEVERE: ERROR: [0,1]Color not found: #bbada0
Apr 16, 2014 12:15:48 PM bot2048.Bot2048 LOG
SEVERE: ERROR: [0,1]Color not found: #bbada0
Apr 16, 2014 12:15:49 PM bot2048.Bot2048 LOG
SEVERE: ERROR: [0,1]Color not found: #bbada0
Apr 16, 2014 12:15:49 PM bot2048.Bot2048 LOG
SEVERE: ERROR: [0,1]Color not found: #bbada0
Apr 16, 2014 12:15:49 PM bot2048.Bot2048 LOG
SEVERE: ERROR: [0,1]Color not found: #bbada0
Apr 16, 2014 12:15:49 PM bot2048.Bot2048 LOG
SEVERE: ERROR: [0,1]Color not found: #bbada0
Apr 16, 2014 12:15:49 PM bot2048.Bot2048 LOG
SEVERE: ERROR: [0,1]Color not found: #bbada0
Apr 16, 2014 12:15:49 PM bot2048.Bot2048 LOG
SEVERE: ERROR: [0,1]Color not found: #bbada0
Apr 16, 2014 12:15:49 PM bot2048.Bot2048 LOG
SEVERE: ERROR: [0,1]Color not found: #bbada0
Apr 16, 2014 12:15:49 PM bot2048.Bot2048 LOG
SEVERE: ERROR: [0,1]Color not found: #bbada0
Apr 16, 2014 12:15:49 PM bot2048.Bot2048 LOG
SEVERE: ERROR: [0,1]Color not found: #bbada0
Apr 16, 2014 12:15:49 PM bot2048.Bot2048 LOG
SEVERE: ERROR: [0,1]Color not found: #bbada0
Apr 16, 2014 12:15:49 PM bot2048.Bot2048 LOG
SEVERE: ERROR: [0,1]Color not found: #bbada0
Apr 16, 2014 12:15:49 PM bot2048.Bot2048 LOG
SEVERE: ERROR: [0,1]Color not found: #bbada0
Apr 16, 2014 12:15:50 PM bot2048.Bot2048 LOG
SEVERE: ERROR: [0,1]Color not found: #bbada0
Apr 16, 2014 12:15:50 PM bot2048.Bot2048 LOG
SEVERE: ERROR: [0,1]Color not found: #bbada0
Apr 16, 2014 12:15:50 PM bot2048.Bot2048 LOG
SEVERE: ERROR: [0,1]Color not found: #bbada0
Apr 16, 2014 12:15:50 PM bot2048.Bot2048 LOG
SEVERE: ERROR: [0,1]Color not found: #bbada0
Apr 16, 2014 12:15:50 PM bot2048.Bot2048 LOG
SEVERE: ERROR: [0,1]Color not found: #bbada0
Apr 16, 2014 12:15:50 PM bot2048.Bot2048 LOG
SEVERE: ERROR: [0,1]Color not found: #bbada0
Apr 16, 2014 12:15:50 PM bot2048.Bot2048 LOG
SEVERE: ERROR: [0,1]Color not found: #bbada0
Apr 16, 2014 12:15:50 PM bot2048.Bot2048 LOG
SEVERE: ERROR: [0,1]Color not found: #bbada0
Apr 16, 2014 12:15:50 PM bot2048.Bot2048 LOG
SEVERE: ERROR: [0,1]Color not found: #bbada0
Apr 16, 2014 12:15:50 PM bot2048.Bot2048 LOG
SEVERE: ERROR: [0,1]Color not found: #bbada0
Apr 16, 2014 12:15:50 PM bot2048.Bot2048 LOG
SEVERE: ERROR: [0,1]Color not found: #bbada0
Apr 16, 2014 12:15:50 PM bot2048.Bot2048 LOG
SEVERE: ERROR: [0,1]Color not found: #bbada0
Apr 16, 2014 12:15:50 PM bot2048.Bot2048 LOG
SEVERE: ERROR: [0,1]Color not found: #bbada0
Apr 16, 2014 12:15:51 PM bot2048.Bot2048 LOG
SEVERE: ERROR: [0,1]Color not found: #bbada0
Apr 16, 2014 12:15:51 PM bot2048.Bot2048 LOG
SEVERE: ERROR: [0,1]Color not found: #bbada0
Apr 16, 2014 12:15:51 PM bot2048.Bot2048 LOG
SEVERE: ERROR: [0,1]Color not found: #bbada0
Apr 16, 2014 12:15:51 PM bot2048.Bot2048 LOG
SEVERE: ERROR: [0,1]Color not found: #bbada0
Apr 16, 2014 12:15:51 PM bot2048.Bot2048 LOG
SEVERE: ERROR: [0,1]Color not found: #bbada0
Apr 16, 2014 12:15:51 PM bot2048.Bot2048 LOG
SEVERE: ERROR: [0,1]Color not found: #bbada0
Apr 16, 2014 12:15:51 PM bot2048.Bot2048 LOG
SEVERE: ERROR: [0,1]Color not found: #bbada0
Apr 16, 2014 12:15:51 PM bot2048.Bot2048 LOG
SEVERE: ERROR: [0,1]Color not found: #bbada0
Apr 16, 2014 12:15:51 PM bot2048.Bot2048 LOG
SEVERE: ERROR: [0,1]Color not found: #bbada0
Apr 16, 2014 12:15:51 PM bot2048.Bot2048 LOG
SEVERE: ERROR: [0,1]Color not found: #bbada0
Apr 16, 2014 12:15:51 PM bot2048.Bot2048 LOG
SEVERE: ERROR: [0,1]Color not found: #bbada0
Apr 16, 2014 12:15:51 PM bot2048.Bot2048 LOG
SEVERE: ERROR: [0,1]Color not found: #bbada0
Apr 16, 2014 12:15:52 PM bot2048.Bot2048 LOG
SEVERE: ERROR: [0,1]Color not found: #bbada0
Apr 16, 2014 12:15:52 PM bot2048.Bot2048 LOG
SEVERE: ERROR: [0,1]Color not found: #bbada0
Apr 16, 2014 12:15:52 PM bot2048.Bot2048 LOG
SEVERE: ERROR: [0,1]Color not found: #bbada0
Apr 16, 2014 12:15:52 PM bot2048.Bot2048 LOG
SEVERE: ERROR: [0,1]Color not found: #bbada0
Apr 16, 2014 12:15:52 PM bot2048.Bot2048 LOG
SEVERE: ERROR: [0,1]Color not found: #bbada0
Apr 16, 2014 12:15:52 PM bot2048.Bot2048 LOG
SEVERE: ERROR: [0,1]Color not found: #bbada0
Apr 16, 2014 12:15:52 PM bot2048.Bot2048 LOG
SEVERE: ERROR: [0,1]Color not found: #bbada0
Apr 16, 2014 12:15:52 PM bot2048.Bot2048 LOG
SEVERE: ERROR: [0,1]Color not found: #bbada0
Apr 16, 2014 12:15:52 PM bot2048.Bot2048 LOG
SEVERE: ERROR: [0,1]Color not found: #bbada0
Apr 16, 2014 12:15:52 PM bot2048.Bot2048 LOG
SEVERE: ERROR: [0,1]Color not found: #bbada0
Apr 16, 2014 12:15:52 PM bot2048.Bot2048 LOG
SEVERE: ERROR: [0,1]Color not found: #bbada0
Apr 16, 2014 12:15:52 PM bot2048.Bot2048 LOG
SEVERE: ERROR: [0,1]Color not found: #bbada0
Apr 16, 2014 12:15:53 PM bot2048.Bot2048 LOG
SEVERE: ERROR: [0,1]Color not found: #bbada0
Apr 16, 2014 12:15:53 PM bot2048.Bot2048 LOG
SEVERE: ERROR: [0,1]Color not found: #bbada0
Apr 16, 2014 12:15:53 PM bot2048.Bot2048 LOG
SEVERE: ERROR: [0,1]Color not found: #bbada0
Apr 16, 2014 12:15:53 PM bot2048.Bot2048 LOG
SEVERE: ERROR: [0,1]Color not found: #bbada0
Apr 16, 2014 12:15:53 PM bot2048.Bot2048 LOG
SEVERE: ERROR: [0,1]Color not found: #bbada0
Apr 16, 2014 12:15:53 PM bot2048.Bot2048 LOG
SEVERE: ERROR: [0,1]Color not found: #bbada0
Apr 16, 2014 12:15:53 PM bot2048.Bot2048 LOG
SEVERE: ERROR: [0,1]Color not found: #bbada0
Apr 16, 2014 12:15:53 PM bot2048.Bot2048 LOG
SEVERE: ERROR: [0,1]Color not found: #bbada0
Apr 16, 2014 12:15:53 PM bot2048.Bot2048 LOG
SEVERE: ERROR: [0,1]Color not found: #bbada0
Apr 16, 2014 12:15:53 PM bot2048.Bot2048 LOG
SEVERE: ERROR: [0,1]Color not found: #bbada0
Apr 16, 2014 12:15:53 PM bot2048.Bot2048 LOG
SEVERE: ERROR: [0,1]Color not found: #bbada0
Apr 16, 2014 12:15:53 PM bot2048.Bot2048 LOG
SEVERE: ERROR: [0,1]Color not found: #bbada0
Apr 16, 2014 12:15:54 PM bot2048.Bot2048 LOG
SEVERE: ERROR: [0,1]Color not found: #bbada0
Apr 16, 2014 12:15:54 PM bot2048.Bot2048 LOG
SEVERE: ERROR: [0,1]Color not found: #bbada0
Apr 16, 2014 12:15:54 PM bot2048.Bot2048 LOG
SEVERE: ERROR: [0,1]Color not found: #bbada0
Apr 16, 2014 12:15:54 PM bot2048.Bot2048 LOG
SEVERE: ERROR: [0,1]Color not found: #bbada0
Apr 16, 2014 12:15:54 PM bot2048.Bot2048 LOG
SEVERE: ERROR: [0,1]Color not found: #bbada0
Apr 16, 2014 12:15:54 PM bot2048.Bot2048 LOG
SEVERE: ERROR: [0,1]Color not found: #bbada0
Apr 16, 2014 12:15:54 PM bot2048.Bot2048 LOG
SEVERE: ERROR: [0,1]Color not found: #bbada0
Apr 16, 2014 12:15:54 PM bot2048.Bot2048 LOG
SEVERE: ERROR: [0,1]Color not found: #bbada0
Apr 16, 2014 12:15:54 PM bot2048.Bot2048 LOG
SEVERE: ERROR: [0,1]Color not found: #bbada0
Apr 16, 2014 12:15:54 PM bot2048.Bot2048 LOG
SEVERE: ERROR: [0,1]Color not found: #bbada0
Apr 16, 2014 12:15:54 PM bot2048.Bot2048 LOG
SEVERE: ERROR: [0,1]Color not found: #bbada0
Apr 16, 2014 12:15:54 PM bot2048.Bot2048 LOG
SEVERE: ERROR: [0,1]Color not found: #bbada0
Apr 16, 2014 12:15:54 PM bot2048.Bot2048 LOG
SEVERE: ERROR: [0,1]Color not found: #bbada0
Apr 16, 2014 12:15:55 PM bot2048.Bot2048 LOG
SEVERE: ERROR: [0,1]Color not found: #bbada0
Apr 16, 2014 12:15:55 PM bot2048.Bot2048 LOG
SEVERE: ERROR: [0,1]Color not found: #bbada0
Apr 16, 2014 12:15:55 PM bot2048.Bot2048 LOG
SEVERE: ERROR: [0,1]Color not found: #bbada0
Apr 16, 2014 12:15:55 PM bot2048.Bot2048 LOG
SEVERE: ERROR: [0,1]Color not found: #bbada0
Apr 16, 2014 12:15:55 PM bot2048.Bot2048 LOG
SEVERE: ERROR: [0,1]Color not found: #bbada0
Apr 16, 2014 12:15:55 PM bot2048.Bot2048 LOG
SEVERE: ERROR: [0,1]Color not found: #bbada0
Apr 16, 2014 12:15:55 PM bot2048.Bot2048 LOG
SEVERE: ERROR: [0,1]Color not found: #bbada0
Apr 16, 2014 12:15:55 PM bot2048.Bot2048 LOG
SEVERE: ERROR: [0,1]Color not found: #bbada0
Apr 16, 2014 12:15:55 PM bot2048.Bot2048 LOG
SEVERE: ERROR: [0,1]Color not found: #bbada0
Apr 16, 2014 12:15:55 PM bot2048.Bot2048 LOG
SEVERE: ERROR: [0,1]Color not found: #bbada0
Apr 16, 2014 12:15:55 PM bot2048.Bot2048 LOG
SEVERE: ERROR: [0,1]Color not found: #bbada0
Apr 16, 2014 12:15:55 PM bot2048.Bot2048 LOG
SEVERE: ERROR: [0,1]Color not found: #bbada0
Apr 16, 2014 12:15:56 PM bot2048.Bot2048 LOG
SEVERE: ERROR: [0,1]Color not found: #bbada0
Apr 16, 2014 12:15:56 PM bot2048.Bot2048 LOG
SEVERE: ERROR: [0,1]Color not found: #bbada0
Apr 16, 2014 12:15:56 PM bot2048.Bot2048 LOG
SEVERE: ERROR: [0,1]Color not found: #bbada0
Apr 16, 2014 12:15:56 PM bot2048.Bot2048 LOG
SEVERE: ERROR: [0,1]Color not found: #bbada0
Apr 16, 2014 12:15:56 PM bot2048.Bot2048 LOG
SEVERE: ERROR: [0,1]Color not found: #bbada0
Apr 16, 2014 12:15:56 PM bot2048.Bot2048 LOG
SEVERE: ERROR: [0,1]Color not found: #bbada0
Apr 16, 2014 12:15:56 PM bot2048.Bot2048 LOG
SEVERE: ERROR: [0,1]Color not found: #bbada0
Apr 16, 2014 12:15:56 PM bot2048.Bot2048 LOG
SEVERE: ERROR: [0,1]Color not found: #bbada0
Apr 16, 2014 12:15:56 PM bot2048.Bot2048 LOG
SEVERE: ERROR: [0,1]Color not found: #bbada0
Apr 16, 2014 12:15:56 PM bot2048.Bot2048 LOG
SEVERE: ERROR: [0,1]Color not found: #bbada0
Apr 16, 2014 12:15:56 PM bot2048.Bot2048 LOG
SEVERE: ERROR: [0,1]Color not found: #bbada0
Apr 16, 2014 12:15:56 PM bot2048.Bot2048 LOG
SEVERE: ERROR: [0,1]Color not found: #bbada0
Apr 16, 2014 12:15:57 PM bot2048.Bot2048 LOG
SEVERE: ERROR: [0,1]Color not found: #bbada0
Apr 16, 2014 12:15:57 PM bot2048.Bot2048 LOG
SEVERE: ERROR: [0,1]Color not found: #bbada0
Apr 16, 2014 12:15:57 PM bot2048.Bot2048 LOG
SEVERE: ERROR: [0,1]Color not found: #bbada0
Apr 16, 2014 12:15:57 PM bot2048.Bot2048 LOG
SEVERE: ERROR: [0,1]Color not found: #bbada0
Apr 16, 2014 12:15:57 PM bot2048.Bot2048 LOG
SEVERE: ERROR: [0,1]Color not found: #bbada0
Apr 16, 2014 12:15:57 PM bot2048.Bot2048 LOG
SEVERE: ERROR: [0,1]Color not found: #bbada0
Apr 16, 2014 12:15:57 PM bot2048.Bot2048 LOG
SEVERE: ERROR: [0,1]Color not found: #bbada0
Apr 16, 2014 12:15:57 PM bot2048.Bot2048 LOG
SEVERE: ERROR: [0,1]Color not found: #bbada0
Apr 16, 2014 12:15:57 PM bot2048.Bot2048 LOG
SEVERE: ERROR: [0,1]Color not found: #bbada0
Apr 16, 2014 12:15:57 PM bot2048.Bot2048 LOG
SEVERE: ERROR: [0,1]Color not found: #bbada0
Apr 16, 2014 12:15:57 PM bot2048.Bot2048 LOG
SEVERE: ERROR: [0,1]Color not found: #bbada0
Apr 16, 2014 12:15:57 PM bot2048.Bot2048 LOG
SEVERE: ERROR: [0,1]Color not found: #bbada0
Apr 16, 2014 12:15:58 PM bot2048.Bot2048 LOG
SEVERE: ERROR: [0,1]Color not found: #bbada0
Apr 16, 2014 12:15:58 PM bot2048.Bot2048 LOG
SEVERE: ERROR: [0,1]Color not found: #bbada0
Apr 16, 2014 12:15:58 PM bot2048.Bot2048 LOG
SEVERE: ERROR: [0,1]Color not found: #bbada0
Apr 16, 2014 12:15:58 PM bot2048.Bot2048 LOG
SEVERE: ERROR: [0,1]Color not found: #bbada0
Apr 16, 2014 12:15:58 PM bot2048.Bot2048 LOG
SEVERE: ERROR: [0,1]Color not found: #bbada0
Apr 16, 2014 12:15:58 PM bot2048.Bot2048 LOG
SEVERE: ERROR: [0,1]Color not found: #bbada0
Apr 16, 2014 12:15:58 PM bot2048.Bot2048 LOG
SEVERE: ERROR: [0,1]Color not found: #bbada0
Apr 16, 2014 12:15:58 PM bot2048.Bot2048 LOG
SEVERE: ERROR: [0,1]Color not found: #bbada0
Apr 16, 2014 12:15:58 PM bot2048.Bot2048 LOG
SEVERE: ERROR: [0,1]Color not found: #bbada0
Apr 16, 2014 12:15:58 PM bot2048.Bot2048 LOG
SEVERE: ERROR: [0,1]Color not found: #bbada0
Apr 16, 2014 12:15:58 PM bot2048.Bot2048 LOG
SEVERE: ERROR: [0,1]Color not found: #bbada0
Apr 16, 2014 12:15:58 PM bot2048.Bot2048 LOG
SEVERE: ERROR: [0,1]Color not found: #bbada0
Apr 16, 2014 12:15:59 PM bot2048.Bot2048 LOG
SEVERE: ERROR: [0,1]Color not found: #bbada0
Apr 16, 2014 12:15:59 PM bot2048.Bot2048 LOG
SEVERE: ERROR: [0,1]Color not found: #bbada0
Apr 16, 2014 12:15:59 PM bot2048.Bot2048 LOG
SEVERE: ERROR: [0,1]Color not found: #bbada0
Apr 16, 2014 12:15:59 PM bot2048.Bot2048 LOG
SEVERE: ERROR: [0,1]Color not found: #bbada0
Apr 16, 2014 12:15:59 PM bot2048.Bot2048 LOG
SEVERE: ERROR: [0,1]Color not found: #bbada0
Apr 16, 2014 12:15:59 PM bot2048.Bot2048 LOG
SEVERE: ERROR: [0,1]Color not found: #bbada0
Apr 16, 2014 12:15:59 PM bot2048.Bot2048 LOG
SEVERE: ERROR: [0,1]Color not found: #bbada0
Apr 16, 2014 12:15:59 PM bot2048.Bot2048 LOG
SEVERE: ERROR: [0,1]Color not found: #bbada0
Apr 16, 2014 12:15:59 PM bot2048.Bot2048 LOG
SEVERE: ERROR: [0,1]Color not found: #bbada0
Apr 16, 2014 12:15:59 PM bot2048.Bot2048 LOG
SEVERE: ERROR: [0,1]Color not found: #bbada0
Apr 16, 2014 12:15:59 PM bot2048.Bot2048 LOG
SEVERE: ERROR: [0,1]Color not found: #bbada0
Apr 16, 2014 12:15:59 PM bot2048.Bot2048 LOG
SEVERE: ERROR: [0,1]Color not found: #bbada0
Apr 16, 2014 12:16:00 PM bot2048.Bot2048 LOG
SEVERE: ERROR: [0,1]Color not found: #bbada0
Apr 16, 2014 12:16:00 PM bot2048.Bot2048 LOG
SEVERE: ERROR: [0,1]Color not found: #bbada0
Apr 16, 2014 12:16:00 PM bot2048.Bot2048 LOG
SEVERE: ERROR: [0,1]Color not found: #bbada0
Apr 16, 2014 12:16:00 PM bot2048.Bot2048 LOG
SEVERE: ERROR: [0,1]Color not found: #bbada0
Apr 16, 2014 12:16:00 PM bot2048.Bot2048 LOG
SEVERE: ERROR: [0,1]Color not found: #bbada0
Apr 16, 2014 12:16:00 PM bot2048.Bot2048 LOG
SEVERE: ERROR: [0,1]Color not found: #bbada0
Apr 16, 2014 12:16:00 PM bot2048.Bot2048 LOG
SEVERE: ERROR: [0,1]Color not found: #bbada0
Apr 16, 2014 12:16:00 PM bot2048.Bot2048 LOG
SEVERE: ERROR: [0,1]Color not found: #bbada0
Apr 16, 2014 12:16:00 PM bot2048.Bot2048 LOG
SEVERE: ERROR: [0,1]Color not found: #bbada0
Apr 16, 2014 12:16:00 PM bot2048.Bot2048 LOG
SEVERE: ERROR: [0,1]Color not found: #bbada0
Apr 16, 2014 12:16:00 PM bot2048.Bot2048 LOG
SEVERE: ERROR: [0,1]Color not found: #bbada0
Apr 16, 2014 12:16:00 PM bot2048.Bot2048 LOG
SEVERE: ERROR: [0,1]Color not found: #bbada0
Apr 16, 2014 12:16:00 PM bot2048.Bot2048 LOG
SEVERE: ERROR: [0,1]Color not found: #bbada0
Apr 16, 2014 12:16:01 PM bot2048.Bot2048 LOG
SEVERE: ERROR: [0,1]Color not found: #bbada0
Apr 16, 2014 12:16:01 PM bot2048.Bot2048 LOG
SEVERE: ERROR: [0,1]Color not found: #bbada0
Apr 16, 2014 12:16:01 PM bot2048.Bot2048 LOG
SEVERE: ERROR: [0,1]Color not found: #bbada0
Apr 16, 2014 12:16:01 PM bot2048.Bot2048 LOG
SEVERE: ERROR: [0,1]Color not found: #bbada0
Apr 16, 2014 12:16:01 PM bot2048.Bot2048 LOG
SEVERE: ERROR: [0,1]Color not found: #bbada0
Apr 16, 2014 12:16:01 PM bot2048.Bot2048 LOG
SEVERE: ERROR: [0,1]Color not found: #bbada0
Apr 16, 2014 12:16:01 PM bot2048.Bot2048 LOG
SEVERE: ERROR: [0,1]Color not found: #bbada0
Apr 16, 2014 12:16:01 PM bot2048.Bot2048 LOG
SEVERE: ERROR: [0,1]Color not found: #bbada0
Apr 16, 2014 12:16:01 PM bot2048.Bot2048 LOG
SEVERE: ERROR: [0,1]Color not found: #bbada0
Apr 16, 2014 12:16:01 PM bot2048.Bot2048 LOG
SEVERE: ERROR: [0,1]Color not found: #bbada0
Apr 16, 2014 12:16:01 PM bot2048.Bot2048 LOG
SEVERE: ERROR: [0,1]Color not found: #bbada0
Apr 16, 2014 12:16:01 PM bot2048.Bot2048 LOG
SEVERE: ERROR: [0,1]Color not found: #bbada0
Apr 16, 2014 12:16:02 PM bot2048.Bot2048 LOG
SEVERE: ERROR: [0,1]Color not found: #bbada0
Apr 16, 2014 12:16:02 PM bot2048.Bot2048 LOG
SEVERE: ERROR: [0,1]Color not found: #bbada0
Apr 16, 2014 12:16:02 PM bot2048.Bot2048 LOG
SEVERE: ERROR: [0,1]Color not found: #bbada0
Apr 16, 2014 12:16:02 PM bot2048.Bot2048 LOG
SEVERE: ERROR: [0,1]Color not found: #bbada0
Apr 16, 2014 12:16:02 PM bot2048.Bot2048 LOG
SEVERE: ERROR: [0,1]Color not found: #bbada0
Apr 16, 2014 12:16:02 PM bot2048.Bot2048 LOG
SEVERE: ERROR: [0,1]Color not found: #bbada0
Apr 16, 2014 12:16:02 PM bot2048.Bot2048 LOG
SEVERE: ERROR: [0,1]Color not found: #bbada0
Apr 16, 2014 12:16:02 PM bot2048.Bot2048 LOG
SEVERE: ERROR: [0,1]Color not found: #bbada0
Apr 16, 2014 12:16:02 PM bot2048.Bot2048 LOG
SEVERE: ERROR: [0,1]Color not found: #bbada0
Apr 16, 2014 12:16:02 PM bot2048.Bot2048 LOG
SEVERE: ERROR: [0,1]Color not found: #bbada0
Apr 16, 2014 12:16:02 PM bot2048.Bot2048 LOG
SEVERE: ERROR: [0,1]Color not found: #bbada0
Apr 16, 2014 12:16:02 PM bot2048.Bot2048 LOG
SEVERE: ERROR: [0,1]Color not found: #bbada0
Apr 16, 2014 12:16:03 PM bot2048.Bot2048 LOG
SEVERE: ERROR: [0,1]Color not found: #bbada0
Apr 16, 2014 12:16:03 PM bot2048.Bot2048 LOG
SEVERE: ERROR: [0,1]Color not found: #bbada0
Apr 16, 2014 12:16:03 PM bot2048.Bot2048 LOG
SEVERE: ERROR: [0,1]Color not found: #bbada0
Apr 16, 2014 12:16:03 PM bot2048.Bot2048 LOG
SEVERE: ERROR: [0,1]Color not found: #bbada0
Apr 16, 2014 12:16:03 PM bot2048.Bot2048 LOG
SEVERE: ERROR: [0,1]Color not found: #bbada0
Apr 16, 2014 12:16:03 PM bot2048.Bot2048 LOG
SEVERE: ERROR: [0,1]Color not found: #bbada0
Apr 16, 2014 12:16:03 PM bot2048.Bot2048 LOG
SEVERE: ERROR: [0,1]Color not found: #bbada0
Apr 16, 2014 12:16:03 PM bot2048.Bot2048 LOG
SEVERE: ERROR: [0,1]Color not found: #bbada0
Apr 16, 2014 12:16:03 PM bot2048.Bot2048 LOG
SEVERE: ERROR: [0,1]Color not found: #bbada0
Apr 16, 2014 12:16:03 PM bot2048.Bot2048 LOG
SEVERE: ERROR: [0,1]Color not found: #bbada0
Apr 16, 2014 12:16:03 PM bot2048.Bot2048 LOG
SEVERE: ERROR: [0,1]Color not found: #bbada0
Apr 16, 2014 12:16:03 PM bot2048.Bot2048 LOG
SEVERE: ERROR: [0,1]Color not found: #bbada0
Apr 16, 2014 12:16:04 PM bot2048.Bot2048 LOG
SEVERE: ERROR: [0,1]Color not found: #bbada0
Apr 16, 2014 12:16:04 PM bot2048.Bot2048 LOG
SEVERE: ERROR: [0,1]Color not found: #bbada0
Apr 16, 2014 12:16:04 PM bot2048.Bot2048 LOG
SEVERE: ERROR: [0,0]Color not found: #faf8ef
Apr 16, 2014 12:16:04 PM bot2048.Bot2048 LOG
SEVERE: ERROR: [0,0]Color not found: #faf8ef
Apr 16, 2014 12:16:04 PM bot2048.Bot2048 LOG
SEVERE: ERROR: [0,0]Color not found: #faf8ef
Apr 16, 2014 12:16:04 PM bot2048.Bot2048 LOG
SEVERE: ERROR: [0,0]Color not found: #faf8ef
Apr 16, 2014 12:16:04 PM bot2048.Bot2048 LOG
SEVERE: ERROR: [0,0]Color not found: #faf8ef
Apr 16, 2014 12:16:04 PM bot2048.Bot2048 LOG
SEVERE: ERROR: [0,0]Color not found: #faf8ef
Apr 16, 2014 12:16:04 PM bot2048.Bot2048 LOG
SEVERE: ERROR: [0,0]Color not found: #faf8ef
Apr 16, 2014 12:16:04 PM bot2048.Bot2048 LOG
SEVERE: ERROR: [0,0]Color not found: #faf8ef
Apr 16, 2014 12:16:04 PM bot2048.Bot2048 LOG
SEVERE: ERROR: [0,0]Color not found: #faf8ef
Apr 16, 2014 12:16:04 PM bot2048.Bot2048 LOG
SEVERE: ERROR: [0,0]Color not found: #faf8ef
Apr 16, 2014 12:16:04 PM bot2048.Bot2048 LOG
SEVERE: ERROR: [0,0]Color not found: #faf8ef
Apr 16, 2014 12:16:05 PM bot2048.Bot2048 LOG
SEVERE: ERROR: [0,0]Color not found: #faf8ef
Apr 16, 2014 12:16:05 PM bot2048.Bot2048 LOG
SEVERE: ERROR: [0,0]Color not found: #faf8ef
Apr 16, 2014 12:16:05 PM bot2048.Bot2048 LOG
SEVERE: ERROR: [0,0]Color not found: #faf8ef
Apr 16, 2014 12:16:05 PM bot2048.Bot2048 LOG
SEVERE: ERROR: [0,0]Color not found: #faf8ef
Apr 16, 2014 12:16:05 PM bot2048.Bot2048 LOG
SEVERE: ERROR: [0,0]Color not found: #faf8ef
Apr 16, 2014 12:16:05 PM bot2048.Bot2048 LOG
SEVERE: ERROR: [0,0]Color not found: #faf8ef
Apr 16, 2014 12:16:05 PM bot2048.Bot2048 LOG
SEVERE: ERROR: [0,0]Color not found: #faf8ef
Apr 16, 2014 12:16:05 PM bot2048.Bot2048 LOG
SEVERE: ERROR: [0,0]Color not found: #faf8ef
Apr 16, 2014 12:16:05 PM bot2048.Bot2048 LOG
SEVERE: ERROR: [0,0]Color not found: #faf8ef
Apr 16, 2014 12:16:05 PM bot2048.Bot2048 LOG
SEVERE: ERROR: [0,0]Color not found: #faf8ef
Apr 16, 2014 12:16:05 PM bot2048.Bot2048 LOG
SEVERE: ERROR: [0,0]Color not found: #faf8ef
Apr 16, 2014 12:16:05 PM bot2048.Bot2048 LOG
SEVERE: ERROR: [0,0]Color not found: #faf8ef
Apr 16, 2014 12:16:05 PM bot2048.Bot2048 LOG
SEVERE: ERROR: [0,0]Color not found: #faf8ef
Apr 16, 2014 12:16:05 PM bot2048.Bot2048 LOG
SEVERE: ERROR: [0,0]Color not found: #faf8ef
Apr 16, 2014 12:16:06 PM bot2048.Bot2048 LOG
SEVERE: ERROR: [0,0]Color not found: #faf8ef
Apr 16, 2014 12:16:06 PM bot2048.Bot2048 LOG
SEVERE: ERROR: [0,0]Color not found: #faf8ef
Apr 16, 2014 12:16:06 PM bot2048.Bot2048 LOG
SEVERE: ERROR: [0,0]Color not found: #faf8ef
Apr 16, 2014 12:16:06 PM bot2048.Bot2048 LOG
SEVERE: ERROR: [0,0]Color not found: #faf8ef
Apr 16, 2014 12:16:06 PM bot2048.Bot2048 LOG
SEVERE: ERROR: [0,0]Color not found: #faf8ef
Apr 16, 2014 12:16:06 PM bot2048.Bot2048 LOG
SEVERE: ERROR: [0,0]Color not found: #faf8ef
Apr 16, 2014 12:16:06 PM bot2048.Bot2048 LOG
SEVERE: ERROR: [0,0]Color not found: #faf8ef
Apr 16, 2014 12:16:06 PM bot2048.Bot2048 LOG
SEVERE: ERROR: [0,0]Color not found: #faf8ef
Apr 16, 2014 12:16:06 PM bot2048.Bot2048 LOG
SEVERE: ERROR: [0,0]Color not found: #faf8ef
Apr 16, 2014 12:16:06 PM bot2048.Bot2048 LOG
SEVERE: ERROR: [0,0]Color not found: #faf8ef
Apr 16, 2014 12:16:06 PM bot2048.Bot2048 LOG
SEVERE: ERROR: [0,0]Color not found: #faf8ef
Apr 16, 2014 12:16:06 PM bot2048.Bot2048 LOG
SEVERE: ERROR: [0,0]Color not found: #faf8ef
Apr 16, 2014 12:16:06 PM bot2048.Bot2048 LOG
SEVERE: ERROR: [0,0]Color not found: #faf8ef
Apr 16, 2014 12:16:07 PM bot2048.Bot2048 LOG
SEVERE: ERROR: [0,0]Color not found: #faf8ef
Apr 16, 2014 12:16:07 PM bot2048.Bot2048 LOG
SEVERE: ERROR: [0,0]Color not found: #faf8ef
Apr 16, 2014 12:16:07 PM bot2048.Bot2048 LOG
SEVERE: ERROR: [0,0]Color not found: #faf8ef
Apr 16, 2014 12:16:07 PM bot2048.Bot2048 LOG
SEVERE: ERROR: [0,0]Color not found: #faf8ef
Apr 16, 2014 12:16:07 PM bot2048.Bot2048 LOG
SEVERE: ERROR: [0,0]Color not found: #faf8ef
Apr 16, 2014 12:16:07 PM bot2048.Bot2048 LOG
SEVERE: ERROR: [0,0]Color not found: #faf8ef
Apr 16, 2014 12:16:07 PM bot2048.Bot2048 LOG
SEVERE: ERROR: [0,0]Color not found: #faf8ef
Apr 16, 2014 12:16:07 PM bot2048.Bot2048 LOG
SEVERE: ERROR: [0,0]Color not found: #faf8ef
Apr 16, 2014 12:16:07 PM bot2048.Bot2048 LOG
SEVERE: ERROR: [0,0]Color not found: #faf8ef
Apr 16, 2014 12:16:07 PM bot2048.Bot2048 LOG
SEVERE: ERROR: [0,0]Color not found: #faf8ef
Apr 16, 2014 12:16:07 PM bot2048.Bot2048 LOG
SEVERE: ERROR: [0,0]Color not found: #faf8ef
Apr 16, 2014 12:16:07 PM bot2048.Bot2048 LOG
SEVERE: ERROR: [0,0]Color not found: #faf8ef
Apr 16, 2014 12:16:07 PM bot2048.Bot2048 LOG
SEVERE: ERROR: [0,0]Color not found: #faf8ef
Apr 16, 2014 12:16:08 PM bot2048.Bot2048 LOG
SEVERE: ERROR: [0,0]Color not found: #faf8ef
Apr 16, 2014 12:16:08 PM bot2048.Bot2048 LOG
SEVERE: ERROR: [0,0]Color not found: #faf8ef
Apr 16, 2014 12:16:08 PM bot2048.Bot2048 LOG
SEVERE: ERROR: [0,0]Color not found: #faf8ef
Apr 16, 2014 12:16:08 PM bot2048.Bot2048 LOG
SEVERE: ERROR: [0,0]Color not found: #faf8ef
Apr 16, 2014 12:16:08 PM bot2048.Bot2048 LOG
SEVERE: ERROR: [0,0]Color not found: #faf8ef
Apr 16, 2014 12:16:08 PM bot2048.Bot2048 LOG
SEVERE: ERROR: [0,0]Color not found: #faf8ef
Apr 16, 2014 12:16:08 PM bot2048.Bot2048 LOG
SEVERE: ERROR: [0,0]Color not found: #faf8ef
Apr 16, 2014 12:16:08 PM bot2048.Bot2048 LOG
SEVERE: ERROR: [0,0]Color not found: #faf8ef
Apr 16, 2014 12:16:08 PM bot2048.Bot2048 LOG
SEVERE: ERROR: [0,0]Color not found: #faf8ef
Apr 16, 2014 12:16:08 PM bot2048.Bot2048 LOG
SEVERE: ERROR: [0,0]Color not found: #faf8ef
Apr 16, 2014 12:16:08 PM bot2048.Bot2048 LOG
SEVERE: ERROR: [0,0]Color not found: #faf8ef
Apr 16, 2014 12:16:08 PM bot2048.Bot2048 LOG
SEVERE: ERROR: [0,0]Color not found: #faf8ef
Apr 16, 2014 12:16:08 PM bot2048.Bot2048 LOG
SEVERE: ERROR: [0,0]Color not found: #faf8ef
Apr 16, 2014 12:16:09 PM bot2048.Bot2048 LOG
SEVERE: ERROR: [0,0]Color not found: #faf8ef
Apr 16, 2014 12:16:09 PM bot2048.Bot2048 LOG
SEVERE: ERROR: [0,0]Color not found: #faf8ef
Apr 16, 2014 12:16:09 PM bot2048.Bot2048 LOG
SEVERE: ERROR: [0,0]Color not found: #faf8ef
Apr 16, 2014 12:16:09 PM bot2048.Bot2048 LOG
SEVERE: ERROR: [0,0]Color not found: #faf8ef
Apr 16, 2014 12:16:09 PM bot2048.Bot2048 LOG
SEVERE: ERROR: [0,0]Color not found: #faf8ef
Apr 16, 2014 12:16:09 PM bot2048.Bot2048 LOG
SEVERE: ERROR: [0,0]Color not found: #faf8ef
Apr 16, 2014 12:16:09 PM bot2048.Bot2048 LOG
SEVERE: ERROR: [0,0]Color not found: #faf8ef
Apr 16, 2014 12:16:09 PM bot2048.Bot2048 LOG
SEVERE: ERROR: [0,0]Color not found: #faf8ef
Apr 16, 2014 12:16:09 PM bot2048.Bot2048 LOG
SEVERE: ERROR: [0,0]Color not found: #faf8ef
Apr 16, 2014 12:16:09 PM bot2048.Bot2048 LOG
SEVERE: ERROR: [0,0]Color not found: #faf8ef
Apr 16, 2014 12:16:09 PM bot2048.Bot2048 LOG
SEVERE: ERROR: [0,0]Color not found: #faf8ef
Apr 16, 2014 12:16:09 PM bot2048.Bot2048 LOG
SEVERE: ERROR: [0,0]Color not found: #faf8ef
Apr 16, 2014 12:16:09 PM bot2048.Bot2048 LOG
SEVERE: ERROR: [0,0]Color not found: #faf8ef
Apr 16, 2014 12:16:10 PM bot2048.Bot2048 LOG
SEVERE: ERROR: [0,0]Color not found: #faf8ef
Apr 16, 2014 12:16:10 PM bot2048.Bot2048 LOG
SEVERE: ERROR: [0,0]Color not found: #faf8ef
Apr 16, 2014 12:16:10 PM bot2048.Bot2048 LOG
SEVERE: ERROR: [0,0]Color not found: #faf8ef
Apr 16, 2014 12:16:10 PM bot2048.Bot2048 LOG
SEVERE: ERROR: [0,0]Color not found: #faf8ef
Apr 16, 2014 12:16:10 PM bot2048.Bot2048 LOG
SEVERE: ERROR: [0,0]Color not found: #faf8ef
Apr 16, 2014 12:16:10 PM bot2048.Bot2048 LOG
SEVERE: ERROR: [0,0]Color not found: #faf8ef
Apr 16, 2014 12:16:10 PM bot2048.Bot2048 LOG
SEVERE: ERROR: [0,0]Color not found: #faf8ef
Apr 16, 2014 12:16:10 PM bot2048.Bot2048 LOG
SEVERE: ERROR: [0,0]Color not found: #faf8ef
Apr 16, 2014 12:16:10 PM bot2048.Bot2048 LOG
SEVERE: ERROR: [0,0]Color not found: #faf8ef
Apr 16, 2014 12:16:10 PM bot2048.Bot2048 LOG
SEVERE: ERROR: [0,0]Color not found: #faf8ef
Apr 16, 2014 12:16:10 PM bot2048.Bot2048 LOG
SEVERE: ERROR: [0,0]Color not found: #faf8ef
Apr 16, 2014 12:16:10 PM bot2048.Bot2048 LOG
SEVERE: ERROR: [0,0]Color not found: #faf8ef
Apr 16, 2014 12:16:10 PM bot2048.Bot2048 LOG
SEVERE: ERROR: [0,0]Color not found: #faf8ef
Apr 16, 2014 12:16:11 PM bot2048.Bot2048 LOG
SEVERE: ERROR: [0,0]Color not found: #faf8ef
Apr 16, 2014 12:16:11 PM bot2048.Bot2048 LOG
SEVERE: ERROR: [0,0]Color not found: #faf8ef
Apr 16, 2014 12:16:11 PM bot2048.Bot2048 LOG
SEVERE: ERROR: [0,0]Color not found: #faf8ef
Apr 16, 2014 12:16:11 PM bot2048.Bot2048 LOG
SEVERE: ERROR: [0,0]Color not found: #faf8ef
Apr 16, 2014 12:16:11 PM bot2048.Bot2048 LOG
SEVERE: ERROR: [0,0]Color not found: #faf8ef
Apr 16, 2014 12:16:11 PM bot2048.Bot2048 LOG
SEVERE: ERROR: [0,0]Color not found: #faf8ef
